
Start-Date: 2024-05-30  02:03:56
Commandline: apt-get install --reinstall adduser
Reinstall: adduser:amd64 (3.118ubuntu2)
End-Date: 2024-05-30  02:03:57

Start-Date: 2024-05-30  02:03:59
Commandline: apt-get install --reinstall apt
Reinstall: apt:amd64 (2.0.2)
End-Date: 2024-05-30  02:04:00

Start-Date: 2024-05-30  02:04:02
Commandline: apt-get install --reinstall base-files
Reinstall: base-files:amd64 (11ubuntu5)
End-Date: 2024-05-30  02:04:03

Start-Date: 2024-05-30  02:04:04
Commandline: apt-get install --reinstall base-passwd
Reinstall: base-passwd:amd64 (3.5.47)
End-Date: 2024-05-30  02:04:04

Start-Date: 2024-05-30  02:04:06
Commandline: apt-get install --reinstall bash
Reinstall: bash:amd64 (5.0-6ubuntu1)
End-Date: 2024-05-30  02:04:06

Start-Date: 2024-05-30  02:04:07
Commandline: apt-get install --reinstall bsdutils
Reinstall: bsdutils:amd64 (1:2.34-0.1ubuntu9)
End-Date: 2024-05-30  02:04:08

Start-Date: 2024-05-30  02:04:09
Commandline: apt-get install --reinstall bzip2
Reinstall: bzip2:amd64 (1.0.8-2)
End-Date: 2024-05-30  02:04:10

Start-Date: 2024-05-30  02:04:11
Commandline: apt-get install --reinstall coreutils
Reinstall: coreutils:amd64 (8.30-3ubuntu2)
End-Date: 2024-05-30  02:04:12

Start-Date: 2024-05-30  02:04:13
Commandline: apt-get install --reinstall dash
Reinstall: dash:amd64 (0.5.10.2-6)
End-Date: 2024-05-30  02:04:14

Start-Date: 2024-05-30  02:04:15
Commandline: apt-get install --reinstall debconf
Reinstall: debconf:amd64 (1.5.73)
End-Date: 2024-05-30  02:04:16

Start-Date: 2024-05-30  02:04:17
Commandline: apt-get install --reinstall debianutils
Reinstall: debianutils:amd64 (4.9.1)
End-Date: 2024-05-30  02:04:17

Start-Date: 2024-05-30  02:04:19
Commandline: apt-get install --reinstall diffutils
Reinstall: diffutils:amd64 (1:3.7-3)
End-Date: 2024-05-30  02:04:19

Start-Date: 2024-05-30  02:04:21
Commandline: apt-get install --reinstall dpkg
Reinstall: dpkg:amd64 (1.19.7ubuntu3)
End-Date: 2024-05-30  02:04:21

Start-Date: 2024-05-30  02:04:22
Commandline: apt-get install --reinstall e2fsprogs
Reinstall: e2fsprogs:amd64 (1.45.5-2ubuntu1)
End-Date: 2024-05-30  02:04:23

Start-Date: 2024-05-30  02:04:24
Commandline: apt-get install --reinstall fdisk
Reinstall: fdisk:amd64 (2.34-0.1ubuntu9)
End-Date: 2024-05-30  02:04:25

Start-Date: 2024-05-30  02:04:26
Commandline: apt-get install --reinstall findutils
Reinstall: findutils:amd64 (4.7.0-1ubuntu1)
End-Date: 2024-05-30  02:04:27

Start-Date: 2024-05-30  02:04:28
Commandline: apt-get install --reinstall gcc-10-base:amd64
Reinstall: gcc-10-base:amd64 (10-20200411-0ubuntu1)
End-Date: 2024-05-30  02:04:29

Start-Date: 2024-05-30  02:04:30
Commandline: apt-get install --reinstall gpgv
Reinstall: gpgv:amd64 (2.2.19-3ubuntu2)
End-Date: 2024-05-30  02:04:31

Start-Date: 2024-05-30  02:04:32
Commandline: apt-get install --reinstall grep
Reinstall: grep:amd64 (3.4-1)
End-Date: 2024-05-30  02:04:32

Start-Date: 2024-05-30  02:04:34
Commandline: apt-get install --reinstall gzip
Reinstall: gzip:amd64 (1.10-0ubuntu4)
End-Date: 2024-05-30  02:04:34

Start-Date: 2024-05-30  02:04:36
Commandline: apt-get install --reinstall hostname
Reinstall: hostname:amd64 (3.23)
End-Date: 2024-05-30  02:04:36

Start-Date: 2024-05-30  02:04:37
Commandline: apt-get install --reinstall init-system-helpers
Reinstall: init-system-helpers:amd64 (1.57)
End-Date: 2024-05-30  02:04:38

Start-Date: 2024-05-30  02:04:39
Commandline: apt-get install --reinstall libacl1:amd64
Reinstall: libacl1:amd64 (2.2.53-6)
End-Date: 2024-05-30  02:04:40

Start-Date: 2024-05-30  02:04:41
Commandline: apt-get install --reinstall libapt-pkg6.0:amd64
Reinstall: libapt-pkg6.0:amd64 (2.0.2)
End-Date: 2024-05-30  02:04:42

Start-Date: 2024-05-30  02:04:43
Commandline: apt-get install --reinstall libattr1:amd64
Reinstall: libattr1:amd64 (1:2.4.48-5)
End-Date: 2024-05-30  02:04:43

Start-Date: 2024-05-30  02:04:45
Commandline: apt-get install --reinstall libaudit-common
Reinstall: libaudit-common:amd64 (1:2.8.5-2ubuntu6)
End-Date: 2024-05-30  02:04:45

Start-Date: 2024-05-30  02:04:47
Commandline: apt-get install --reinstall libaudit1:amd64
Reinstall: libaudit1:amd64 (1:2.8.5-2ubuntu6)
End-Date: 2024-05-30  02:04:47

Start-Date: 2024-05-30  02:04:48
Commandline: apt-get install --reinstall libblkid1:amd64
Reinstall: libblkid1:amd64 (2.34-0.1ubuntu9)
End-Date: 2024-05-30  02:04:49

Start-Date: 2024-05-30  02:04:50
Commandline: apt-get install --reinstall libbz2-1.0:amd64
Reinstall: libbz2-1.0:amd64 (1.0.8-2)
End-Date: 2024-05-30  02:04:51

Start-Date: 2024-05-30  02:04:52
Commandline: apt-get install --reinstall libc-bin
Reinstall: libc-bin:amd64 (2.31-0ubuntu9)
End-Date: 2024-05-30  02:04:53

Start-Date: 2024-05-30  02:04:54
Commandline: apt-get install --reinstall libc6:amd64
Reinstall: libc6:amd64 (2.31-0ubuntu9)
End-Date: 2024-05-30  02:04:56

Start-Date: 2024-05-30  02:04:57
Commandline: apt-get install --reinstall libcap-ng0:amd64
Reinstall: libcap-ng0:amd64 (0.7.9-2.1build1)
End-Date: 2024-05-30  02:04:58

Start-Date: 2024-05-30  02:04:59
Commandline: apt-get install --reinstall libcom-err2:amd64
Reinstall: libcom-err2:amd64 (1.45.5-2ubuntu1)
End-Date: 2024-05-30  02:05:00

Start-Date: 2024-05-30  02:05:01
Commandline: apt-get install --reinstall libcrypt1:amd64
Reinstall: libcrypt1:amd64 (1:4.4.10-10ubuntu4)
End-Date: 2024-05-30  02:05:02

Start-Date: 2024-05-30  02:05:03
Commandline: apt-get install --reinstall libdb5.3:amd64
Reinstall: libdb5.3:amd64 (5.3.28+dfsg1-0.6ubuntu2)
End-Date: 2024-05-30  02:05:03

Start-Date: 2024-05-30  02:05:05
Commandline: apt-get install --reinstall libdebconfclient0:amd64
Reinstall: libdebconfclient0:amd64 (0.251ubuntu1)
End-Date: 2024-05-30  02:05:05

Start-Date: 2024-05-30  02:05:06
Commandline: apt-get install --reinstall libext2fs2:amd64
Reinstall: libext2fs2:amd64 (1.45.5-2ubuntu1)
End-Date: 2024-05-30  02:05:07

Start-Date: 2024-05-30  02:05:08
Commandline: apt-get install --reinstall libfdisk1:amd64
Reinstall: libfdisk1:amd64 (2.34-0.1ubuntu9)
End-Date: 2024-05-30  02:05:09

Start-Date: 2024-05-30  02:05:10
Commandline: apt-get install --reinstall libffi7:amd64
Reinstall: libffi7:amd64 (3.3-4)
End-Date: 2024-05-30  02:05:10

Start-Date: 2024-05-30  02:05:12
Commandline: apt-get install --reinstall libgcc-s1:amd64
Reinstall: libgcc-s1:amd64 (10-20200411-0ubuntu1)
End-Date: 2024-05-30  02:05:12

Start-Date: 2024-05-30  02:05:13
Commandline: apt-get install --reinstall libgcrypt20:amd64
Reinstall: libgcrypt20:amd64 (1.8.5-5ubuntu1)
End-Date: 2024-05-30  02:05:14

Start-Date: 2024-05-30  02:05:15
Commandline: apt-get install --reinstall libgmp10:amd64
Reinstall: libgmp10:amd64 (2:6.2.0+dfsg-4)
End-Date: 2024-05-30  02:05:16

Start-Date: 2024-05-30  02:05:17
Commandline: apt-get install --reinstall libgnutls30:amd64
Reinstall: libgnutls30:amd64 (3.6.13-2ubuntu1)
End-Date: 2024-05-30  02:05:18

Start-Date: 2024-05-30  02:05:19
Commandline: apt-get install --reinstall libgpg-error0:amd64
Reinstall: libgpg-error0:amd64 (1.37-1)
End-Date: 2024-05-30  02:05:20

Start-Date: 2024-05-30  02:05:22
Commandline: apt-get install --reinstall libhogweed5:amd64
Reinstall: libhogweed5:amd64 (3.5.1+really3.5.1-2)
End-Date: 2024-05-30  02:05:22

Start-Date: 2024-05-30  02:05:23
Commandline: apt-get install --reinstall libidn2-0:amd64
Reinstall: libidn2-0:amd64 (2.2.0-2)
End-Date: 2024-05-30  02:05:24

Start-Date: 2024-05-30  02:05:25
Commandline: apt-get install --reinstall liblz4-1:amd64
Reinstall: liblz4-1:amd64 (1.9.2-2)
End-Date: 2024-05-30  02:05:26

Start-Date: 2024-05-30  02:05:27
Commandline: apt-get install --reinstall liblzma5:amd64
Reinstall: liblzma5:amd64 (5.2.4-1)
End-Date: 2024-05-30  02:05:27

Start-Date: 2024-05-30  02:05:29
Commandline: apt-get install --reinstall libmount1:amd64
Reinstall: libmount1:amd64 (2.34-0.1ubuntu9)
End-Date: 2024-05-30  02:05:29

Start-Date: 2024-05-30  02:05:30
Commandline: apt-get install --reinstall libncurses6:amd64
Reinstall: libncurses6:amd64 (6.2-0ubuntu2)
End-Date: 2024-05-30  02:05:31

Start-Date: 2024-05-30  02:05:32
Commandline: apt-get install --reinstall libncursesw6:amd64
Reinstall: libncursesw6:amd64 (6.2-0ubuntu2)
End-Date: 2024-05-30  02:05:32

Start-Date: 2024-05-30  02:05:34
Commandline: apt-get install --reinstall libnettle7:amd64
Reinstall: libnettle7:amd64 (3.5.1+really3.5.1-2)
End-Date: 2024-05-30  02:05:34

Start-Date: 2024-05-30  02:05:35
Commandline: apt-get install --reinstall libp11-kit0:amd64
Reinstall: libp11-kit0:amd64 (0.23.20-1build1)
End-Date: 2024-05-30  02:05:36

Start-Date: 2024-05-30  02:05:37
Commandline: apt-get install --reinstall libpam-modules:amd64
Reinstall: libpam-modules:amd64 (1.3.1-5ubuntu4)
End-Date: 2024-05-30  02:05:38

Start-Date: 2024-05-30  02:05:39
Commandline: apt-get install --reinstall libpam-modules-bin
Reinstall: libpam-modules-bin:amd64 (1.3.1-5ubuntu4)
End-Date: 2024-05-30  02:05:39

Start-Date: 2024-05-30  02:05:41
Commandline: apt-get install --reinstall libpam-runtime
Reinstall: libpam-runtime:amd64 (1.3.1-5ubuntu4)
End-Date: 2024-05-30  02:05:41

Start-Date: 2024-05-30  02:05:42
Commandline: apt-get install --reinstall libpam0g:amd64
Reinstall: libpam0g:amd64 (1.3.1-5ubuntu4)
End-Date: 2024-05-30  02:05:43

Start-Date: 2024-05-30  02:05:44
Commandline: apt-get install --reinstall libpcre2-8-0:amd64
Reinstall: libpcre2-8-0:amd64 (10.34-7)
End-Date: 2024-05-30  02:05:45

Start-Date: 2024-05-30  02:05:46
Commandline: apt-get install --reinstall libpcre3:amd64
Reinstall: libpcre3:amd64 (2:8.39-12build1)
End-Date: 2024-05-30  02:05:47

Start-Date: 2024-05-30  02:05:48
Commandline: apt-get install --reinstall libprocps8:amd64
Reinstall: libprocps8:amd64 (2:3.3.16-1ubuntu2)
End-Date: 2024-05-30  02:05:48

Start-Date: 2024-05-30  02:05:50
Commandline: apt-get install --reinstall libseccomp2:amd64
Reinstall: libseccomp2:amd64 (2.4.3-1ubuntu1)
End-Date: 2024-05-30  02:05:50

Start-Date: 2024-05-30  02:05:51
Commandline: apt-get install --reinstall libselinux1:amd64
Reinstall: libselinux1:amd64 (3.0-1build2)
End-Date: 2024-05-30  02:05:52

Start-Date: 2024-05-30  02:05:53
Commandline: apt-get install --reinstall libsemanage-common
Reinstall: libsemanage-common:amd64 (3.0-1build2)
End-Date: 2024-05-30  02:05:54

Start-Date: 2024-05-30  02:05:55
Commandline: apt-get install --reinstall libsemanage1:amd64
Reinstall: libsemanage1:amd64 (3.0-1build2)
End-Date: 2024-05-30  02:05:55

Start-Date: 2024-05-30  02:05:57
Commandline: apt-get install --reinstall libsepol1:amd64
Reinstall: libsepol1:amd64 (3.0-1)
End-Date: 2024-05-30  02:05:57

Start-Date: 2024-05-30  02:05:58
Commandline: apt-get install --reinstall libsmartcols1:amd64
Reinstall: libsmartcols1:amd64 (2.34-0.1ubuntu9)
End-Date: 2024-05-30  02:05:59

Start-Date: 2024-05-30  02:06:00
Commandline: apt-get install --reinstall libss2:amd64
Reinstall: libss2:amd64 (1.45.5-2ubuntu1)
End-Date: 2024-05-30  02:06:01

Start-Date: 2024-05-30  02:06:02
Commandline: apt-get install --reinstall libstdc++6:amd64
Reinstall: libstdc++6:amd64 (10-20200411-0ubuntu1)
End-Date: 2024-05-30  02:06:03

Start-Date: 2024-05-30  02:06:04
Commandline: apt-get install --reinstall libsystemd0:amd64
Reinstall: libsystemd0:amd64 (245.4-4ubuntu3)
End-Date: 2024-05-30  02:06:05

Start-Date: 2024-05-30  02:06:06
Commandline: apt-get install --reinstall libtasn1-6:amd64
Reinstall: libtasn1-6:amd64 (4.16.0-2)
End-Date: 2024-05-30  02:06:07

Start-Date: 2024-05-30  02:06:08
Commandline: apt-get install --reinstall libtinfo6:amd64
Reinstall: libtinfo6:amd64 (6.2-0ubuntu2)
End-Date: 2024-05-30  02:06:08

Start-Date: 2024-05-30  02:06:10
Commandline: apt-get install --reinstall libudev1:amd64
Reinstall: libudev1:amd64 (245.4-4ubuntu3)
End-Date: 2024-05-30  02:06:10

Start-Date: 2024-05-30  02:06:11
Commandline: apt-get install --reinstall libunistring2:amd64
Reinstall: libunistring2:amd64 (0.9.10-2)
End-Date: 2024-05-30  02:06:12

Start-Date: 2024-05-30  02:06:13
Commandline: apt-get install --reinstall libuuid1:amd64
Reinstall: libuuid1:amd64 (2.34-0.1ubuntu9)
End-Date: 2024-05-30  02:06:14

Start-Date: 2024-05-30  02:06:15
Commandline: apt-get install --reinstall libzstd1:amd64
Reinstall: libzstd1:amd64 (1.4.4+dfsg-3)
End-Date: 2024-05-30  02:06:16

Start-Date: 2024-05-30  02:06:17
Commandline: apt-get install --reinstall login
Reinstall: login:amd64 (1:4.8.1-1ubuntu5)
End-Date: 2024-05-30  02:06:18

Start-Date: 2024-05-30  02:06:19
Commandline: apt-get install --reinstall logsave
Reinstall: logsave:amd64 (1.45.5-2ubuntu1)
End-Date: 2024-05-30  02:06:19

Start-Date: 2024-05-30  02:06:20
Commandline: apt-get install --reinstall lsb-base
Reinstall: lsb-base:amd64 (11.1.0ubuntu2)
End-Date: 2024-05-30  02:06:21

Start-Date: 2024-05-30  02:06:22
Commandline: apt-get install --reinstall mawk
Reinstall: mawk:amd64 (1.3.4.20200120-2)
End-Date: 2024-05-30  02:06:23

Start-Date: 2024-05-30  02:06:24
Commandline: apt-get install --reinstall mount
Reinstall: mount:amd64 (2.34-0.1ubuntu9)
End-Date: 2024-05-30  02:06:24

Start-Date: 2024-05-30  02:06:26
Commandline: apt-get install --reinstall ncurses-base
Reinstall: ncurses-base:amd64 (6.2-0ubuntu2)
End-Date: 2024-05-30  02:06:26

Start-Date: 2024-05-30  02:06:27
Commandline: apt-get install --reinstall ncurses-bin
Reinstall: ncurses-bin:amd64 (6.2-0ubuntu2)
End-Date: 2024-05-30  02:06:28

Start-Date: 2024-05-30  02:06:29
Commandline: apt-get install --reinstall passwd
Reinstall: passwd:amd64 (1:4.8.1-1ubuntu5)
End-Date: 2024-05-30  02:06:30

Start-Date: 2024-05-30  02:06:31
Commandline: apt-get install --reinstall perl-base
Reinstall: perl-base:amd64 (5.30.0-9build1)
End-Date: 2024-05-30  02:06:32

Start-Date: 2024-05-30  02:06:33
Commandline: apt-get install --reinstall procps
Reinstall: procps:amd64 (2:3.3.16-1ubuntu2)
End-Date: 2024-05-30  02:06:34

Start-Date: 2024-05-30  02:06:35
Commandline: apt-get install --reinstall sed
Reinstall: sed:amd64 (4.7-1)
End-Date: 2024-05-30  02:06:36

Start-Date: 2024-05-30  02:06:37
Commandline: apt-get install --reinstall sensible-utils
Reinstall: sensible-utils:amd64 (0.0.12+nmu1)
End-Date: 2024-05-30  02:06:37

Start-Date: 2024-05-30  02:06:38
Commandline: apt-get install --reinstall sysvinit-utils
Reinstall: sysvinit-utils:amd64 (2.96-2.1ubuntu1)
End-Date: 2024-05-30  02:06:39

Start-Date: 2024-05-30  02:06:40
Commandline: apt-get install --reinstall tar
Reinstall: tar:amd64 (1.30+dfsg-7)
End-Date: 2024-05-30  02:06:41

Start-Date: 2024-05-30  02:06:42
Commandline: apt-get install --reinstall ubuntu-keyring
Reinstall: ubuntu-keyring:amd64 (2020.02.11.2)
End-Date: 2024-05-30  02:06:42

Start-Date: 2024-05-30  02:06:45
Commandline: apt-get install --reinstall util-linux
Reinstall: util-linux:amd64 (2.34-0.1ubuntu9)
End-Date: 2024-05-30  02:06:46

Start-Date: 2024-05-30  02:06:47
Commandline: apt-get install --reinstall zlib1g:amd64
Reinstall: zlib1g:amd64 (1:1.2.11.dfsg-2ubuntu1)
End-Date: 2024-05-30  02:06:48

Start-Date: 2024-05-30  02:06:53
Commandline: apt-get --yes -oDebug::pkgDepCache::AutoInstall=yes install ubuntu-keyring
Upgrade: ubuntu-keyring:amd64 (2020.02.11.2, 2020.02.11.4)
End-Date: 2024-05-30  02:06:53

Start-Date: 2024-05-30  02:06:56
Commandline: apt-get --yes -oDebug::pkgDepCache::AutoInstall=yes --force-yes upgrade
Upgrade: libpam0g:amd64 (1.3.1-5ubuntu4, 1.3.1-5ubuntu4.7), fdisk:amd64 (2.34-0.1ubuntu9, 2.34-0.1ubuntu9.6), perl-base:amd64 (5.30.0-9build1, 5.30.0-9ubuntu0.5), libseccomp2:amd64 (2.4.3-1ubuntu1, 2.5.1-1ubuntu1~20.04.2), libcom-err2:amd64 (1.45.5-2ubuntu1, 1.45.5-2ubuntu1.1), libfdisk1:amd64 (2.34-0.1ubuntu9, 2.34-0.1ubuntu9.6), libpam-modules:amd64 (1.3.1-5ubuntu4, 1.3.1-5ubuntu4.7), libsystemd0:amd64 (245.4-4ubuntu3, 245.4-4ubuntu3.23), gcc-10-base:amd64 (10-20200411-0ubuntu1, 10.5.0-1ubuntu1~20.04), apt:amd64 (2.0.2, 2.0.10), libmount1:amd64 (2.34-0.1ubuntu9, 2.34-0.1ubuntu9.6), e2fsprogs:amd64 (1.45.5-2ubuntu1, 1.45.5-2ubuntu1.1), zlib1g:amd64 (1:1.2.11.dfsg-2ubuntu1, 1:1.2.11.dfsg-2ubuntu1.5), libgmp10:amd64 (2:6.2.0+dfsg-4, 2:6.2.0+dfsg-4ubuntu0.1), libncurses6:amd64 (6.2-0ubuntu2, 6.2-0ubuntu2.1), libc6:amd64 (2.31-0ubuntu9, 2.31-0ubuntu9.16), util-linux:amd64 (2.34-0.1ubuntu9, 2.34-0.1ubuntu9.6), libsepol1:amd64 (3.0-1, 3.0-1ubuntu0.1), passwd:amd64 (1:4.8.1-1ubuntu5, 1:4.8.1-1ubuntu5.20.04.5), procps:amd64 (2:3.3.16-1ubuntu2, 2:3.3.16-1ubuntu2.4), libpam-runtime:amd64 (1.3.1-5ubuntu4, 1.3.1-5ubuntu4.7), libncursesw6:amd64 (6.2-0ubuntu2, 6.2-0ubuntu2.1), libprocps8:amd64 (2:3.3.16-1ubuntu2, 2:3.3.16-1ubuntu2.4), libapt-pkg6.0:amd64 (2.0.2, 2.0.10), libudev1:amd64 (245.4-4ubuntu3, 245.4-4ubuntu3.23), libss2:amd64 (1.45.5-2ubuntu1, 1.45.5-2ubuntu1.1), mount:amd64 (2.34-0.1ubuntu9, 2.34-0.1ubuntu9.6), libext2fs2:amd64 (1.45.5-2ubuntu1, 1.45.5-2ubuntu1.1), libblkid1:amd64 (2.34-0.1ubuntu9, 2.34-0.1ubuntu9.6), dpkg:amd64 (1.19.7ubuntu3, 1.19.7ubuntu3.2), libc-bin:amd64 (2.31-0ubuntu9, 2.31-0ubuntu9.16), libtinfo6:amd64 (6.2-0ubuntu2, 6.2-0ubuntu2.1), libpcre3:amd64 (2:8.39-12build1, 2:8.39-12ubuntu0.1), tar:amd64 (1.30+dfsg-7, 1.30+dfsg-7ubuntu0.20.04.4), libuuid1:amd64 (2.34-0.1ubuntu9, 2.34-0.1ubuntu9.6), libgcrypt20:amd64 (1.8.5-5ubuntu1, 1.8.5-5ubuntu1.1), liblz4-1:amd64 (1.9.2-2, 1.9.2-2ubuntu0.20.04.1), libpcre2-8-0:amd64 (10.34-7, 10.34-7ubuntu0.1), gpgv:amd64 (2.2.19-3ubuntu2, 2.2.19-3ubuntu2.2), libsmartcols1:amd64 (2.34-0.1ubuntu9, 2.34-0.1ubuntu9.6), login:amd64 (1:4.8.1-1ubuntu5, 1:4.8.1-1ubuntu5.20.04.5), libhogweed5:amd64 (3.5.1+really3.5.1-2, 3.5.1+really3.5.1-2ubuntu0.2), ncurses-bin:amd64 (6.2-0ubuntu2, 6.2-0ubuntu2.1), libpam-modules-bin:amd64 (1.3.1-5ubuntu4, 1.3.1-5ubuntu4.7), bsdutils:amd64 (1:2.34-0.1ubuntu9, 1:2.34-0.1ubuntu9.6), libgcc-s1:amd64 (10-20200411-0ubuntu1, 10.5.0-1ubuntu1~20.04), libnettle7:amd64 (3.5.1+really3.5.1-2, 3.5.1+really3.5.1-2ubuntu0.2), ncurses-base:amd64 (6.2-0ubuntu2, 6.2-0ubuntu2.1), bash:amd64 (5.0-6ubuntu1, 5.0-6ubuntu1.2), libgnutls30:amd64 (3.6.13-2ubuntu1, 3.6.13-2ubuntu1.11), libp11-kit0:amd64 (0.23.20-1build1, 0.23.20-1ubuntu0.1), libzstd1:amd64 (1.4.4+dfsg-3, 1.4.4+dfsg-3ubuntu0.1), logsave:amd64 (1.45.5-2ubuntu1, 1.45.5-2ubuntu1.1), gzip:amd64 (1.10-0ubuntu4, 1.10-0ubuntu4.1), liblzma5:amd64 (5.2.4-1, 5.2.4-1ubuntu1.1), libstdc++6:amd64 (10-20200411-0ubuntu1, 10.5.0-1ubuntu1~20.04), base-files:amd64 (11ubuntu5, 11ubuntu5.8)
End-Date: 2024-05-30  02:07:02

Start-Date: 2024-09-03  22:11:53
Commandline: apt-get install -y x11vnc xvfb supervisor wget fluxbox net-tools openssl novnc
Install: libgssapi3-heimdal:amd64 (7.7.0+dfsg-1ubuntu1.4, automatic), libxdmcp6:amd64 (1:1.1.3-0ubuntu1, automatic), libwebp6:amd64 (0.6.1-2ubuntu0.20.04.3, automatic), python3-roman:amd64 (2.0.0-3build1, automatic), libkrb5-3:amd64 (1.17-6ubuntu4.7, automatic), libgssapi-krb5-2:amd64 (1.17-6ubuntu4.7, automatic), libnghttp2-14:amd64 (1.40.0-1ubuntu0.3, automatic), liblapack3:amd64 (3.9.0-1build1, automatic), libfontenc1:amd64 (1:1.1.4-0ubuntu1, automatic), libvulkan1:amd64 (1.2.131.2-1, automatic), libimlib2:amd64 (1.6.1-1ubuntu0.1, automatic), libdbus-1-3:amd64 (1.12.16-2ubuntu2.3, automatic), libwind0-heimdal:amd64 (7.7.0+dfsg-1ubuntu1.4, automatic), publicsuffix:amd64 (20200303.0012-1, automatic), libdrm-nouveau2:amd64 (2.4.107-8ubuntu1~20.04.2, automatic), python3-distutils:amd64 (3.8.10-0ubuntu1~20.04, automatic), python3-dateutil:amd64 (2.7.3-3ubuntu1, automatic), python3-olefile:amd64 (0.46-2, automatic), libsasl2-modules-db:amd64 (2.1.27+dfsg-2ubuntu0.1, automatic), xserver-common:amd64 (2:1.20.13-1ubuntu1~20.04.17, automatic), tk:amd64 (8.6.9+1, automatic), libxcb-xfixes0:amd64 (1.14-2, automatic), libcurl4:amd64 (7.68.0-1ubuntu2.23, automatic), python3-websockify:amd64 (0.9.0-0ubuntu2, automatic), libldap-2.4-2:amd64 (2.4.49+dfsg-2ubuntu1.10, automatic), python3-babel:amd64 (2.6.0+dfsg.1-1ubuntu2.2, automatic), sgml-base:amd64 (1.29.1, automatic), openssl:amd64 (1.1.1f-1ubuntu2.23), libvncclient1:amd64 (0.9.12+dfsg-9ubuntu0.3, automatic), docutils-common:amd64 (0.16+dfsg-2, automatic), libssh-4:amd64 (0.9.3-2ubuntu2.5, automatic), liblcms2-2:amd64 (2.9-4, automatic), libpython3.8-minimal:amd64 (3.8.10-0ubuntu1~20.04.11, automatic), libbrotli1:amd64 (1.0.7-6ubuntu0.1, automatic), python3-netaddr:amd64 (0.7.19-3ubuntu1, automatic), python3-msgpack:amd64 (0.6.2-1, automatic), libpciaccess0:amd64 (0.16-0ubuntu1, automatic), libxcb-present0:amd64 (1.14-2, automatic), libheimntlm0-heimdal:amd64 (7.7.0+dfsg-1ubuntu1.4, automatic), libgl1:amd64 (1.3.2-1~ubuntu0.20.04.2, automatic), libtcl8.6:amd64 (8.6.10+dfsg-1, automatic), dbus:amd64 (1.12.16-2ubuntu2.3, automatic), libglapi-mesa:amd64 (21.2.6-0ubuntu0.1~20.04.2, automatic), libpsl5:amd64 (0.21.0-1ubuntu1, automatic), libpixman-1-0:amd64 (0.38.4-0ubuntu2.1, automatic), libxkbfile1:amd64 (1:1.1.0-1, automatic), python3-oslo.i18n:amd64 (4.0.1-0ubuntu1, automatic), libsqlite3-0:amd64 (3.31.1-4ubuntu0.6, automatic), libxrender1:amd64 (1:0.9.10-1, automatic), libelf1:amd64 (0.176-1.1ubuntu0.1, automatic), python3-urllib3:amd64 (1.25.8-2ubuntu0.3, automatic), libbsd0:amd64 (0.10.0-1, automatic), libavahi-common-data:amd64 (0.7-4ubuntu7.3, automatic), libavahi-common3:amd64 (0.7-4ubuntu7.3, automatic), python3-pbr:amd64 (5.4.5-0ubuntu1, automatic), python3-pil:amd64 (7.0.0-4ubuntu0.9, automatic), feh:amd64 (3.3-1, automatic), libheimbase1-heimdal:amd64 (7.7.0+dfsg-1ubuntu1.4, automatic), xfonts-utils:amd64 (1:7.7+6, automatic), python3-netifaces:amd64 (0.10.4-1ubuntu4, automatic), python3-oslo.utils:amd64 (4.1.1-0ubuntu1.1, automatic), libimagequant0:amd64 (2.12.2-1.1, automatic), python3.8:amd64 (3.8.10-0ubuntu1~20.04.11, automatic), python3-novnc:amd64 (1:1.0.0-2, automatic), python3:amd64 (3.8.2-0ubuntu2, automatic), libk5crypto3:amd64 (1.17-6ubuntu4.7, automatic), python3-idna:amd64 (2.8-1ubuntu0.1, automatic), libjpeg-progs:amd64 (1:9d-1, automatic), python3-wrapt:amd64 (1.11.2-2build1, automatic), mime-support:amd64 (3.64ubuntu1, automatic), libxcb-shm0:amd64 (1.14-2, automatic), libid3tag0:amd64 (0.15.1b-14, automatic), python3-six:amd64 (1.14.0-2, automatic), libsasl2-2:amd64 (2.1.27+dfsg-2ubuntu0.1, automatic), x11-xkb-utils:amd64 (7.7+5, automatic), libxcb-randr0:amd64 (1.14-2, automatic), readline-common:amd64 (8.0-4, automatic), python3-monotonic:amd64 (1.5-0ubuntu2, automatic), libquadmath0:amd64 (10.5.0-1ubuntu1~20.04, automatic), libmagic1:amd64 (1:5.38-4, automatic), xkb-data:amd64 (2.29-2, automatic), python3-numpy:amd64 (1:1.17.4-5ubuntu3.1, automatic), libmpdec2:amd64 (2.4.2-3, automatic), fontconfig-config:amd64 (2.13.1-2ubuntu3, automatic), libx11-6:amd64 (2:1.6.9-2ubuntu1.6, automatic), python3-requests:amd64 (2.22.0-2ubuntu1.1, automatic), libexpat1:amd64 (2.2.9-1ubuntu0.6, automatic), fluxbox:amd64 (1.3.5-2build2), net-tools:amd64 (1.60+git20180626.aebd88e-1ubuntu1), python3-iso8601:amd64 (0.1.12-1, automatic), python3-stevedore:amd64 (1:1.32.0-0ubuntu2, automatic), libapparmor1:amd64 (2.13.3-7ubuntu5.3, automatic), libvncserver1:amd64 (0.9.12+dfsg-9ubuntu0.3, automatic), libwebpdemux2:amd64 (0.6.1-2ubuntu0.20.04.3, automatic), libxshmfence1:amd64 (1.3-1, automatic), python3-pyparsing:amd64 (2.4.6-1, automatic), libpaper1:amd64 (1.1.28, automatic), python3-pyinotify:amd64 (0.9.6-1.2ubuntu1, automatic), krb5-locales:amd64 (1.17-6ubuntu4.7, automatic), libsm6:amd64 (2:1.2.3-1, automatic), libwayland-client0:amd64 (1.18.0-1ubuntu0.1, automatic), libdrm-amdgpu1:amd64 (2.4.107-8ubuntu1~20.04.2, automatic), libexif12:amd64 (0.6.21-6ubuntu0.4, automatic), xml-core:amd64 (0.18+nmu1, automatic), libllvm12:amd64 (1:12.0.0-3ubuntu1~20.04.5, automatic), libtiff5:amd64 (4.1.0+git191117-2ubuntu0.20.04.13, automatic), python3-minimal:amd64 (3.8.2-0ubuntu2, automatic), python3-oslo.serialization:amd64 (3.1.1-0ubuntu1, automatic), libxau6:amd64 (1:1.0.9-0ubuntu1, automatic), libxaw7:amd64 (2:1.0.13-1, automatic), librtmp1:amd64 (2.4+20151223.gitfa8646d.1-2build1, automatic), libxcomposite1:amd64 (1:0.4.5-1, automatic), libmagic-mgc:amd64 (1:5.38-4, automatic), libsasl2-modules:amd64 (2.1.27+dfsg-2ubuntu0.1, automatic), libxcb1:amd64 (1.14-2, automatic), libxtst6:amd64 (2:1.2.3-1, automatic), libxi6:amd64 (2:1.7.10-0ubuntu1, automatic), libkrb5support0:amd64 (1.17-6ubuntu4.7, automatic), libxt6:amd64 (1:1.1.5-1, automatic), libxv1:amd64 (2:1.0.11-1, automatic), python3-debtcollector:amd64 (2.0.0-0ubuntu1, automatic), libpython3-stdlib:amd64 (3.8.2-0ubuntu2, automatic), libgfortran5:amd64 (10.5.0-1ubuntu1~20.04, automatic), python3.8-minimal:amd64 (3.8.10-0ubuntu1~20.04.11, automatic), libgif7:amd64 (5.1.9-1ubuntu0.1, automatic), libxinerama1:amd64 (2:1.1.4-2, automatic), tcl:amd64 (8.6.9+1, automatic), python3-docutils:amd64 (0.16+dfsg-2, automatic), libldap-common:amd64 (2.4.49+dfsg-2ubuntu1.10, automatic), x11vnc:amd64 (0.9.16-3), fonts-dejavu-core:amd64 (2.37-1, automatic), libhcrypto4-heimdal:amd64 (7.7.0+dfsg-1ubuntu1.4, automatic), ucf:amd64 (3.0038+nmu1, automatic), libkeyutils1:amd64 (1.6-6ubuntu1.1, automatic), libxmuu1:amd64 (2:1.1.3-0ubuntu1, automatic), xfonts-terminus:amd64 (4.40-2, automatic), libxft2:amd64 (2.3.3-0ubuntu1, automatic), libpaper-utils:amd64 (1.1.28, automatic), ieee-data:amd64 (20180805.1, automatic), tk8.6:amd64 (8.6.10-1, automatic), websockify:amd64 (0.9.0-0ubuntu2, automatic), libxfont2:amd64 (1:2.0.3-1, automatic), libxrandr2:amd64 (2:1.5.2-0ubuntu1, automatic), libjpeg8:amd64 (8c-2ubuntu8, automatic), libjpeg9:amd64 (1:9d-1, automatic), xz-utils:amd64 (5.2.4-1ubuntu1.1, automatic), libdrm2:amd64 (2.4.107-8ubuntu1~20.04.2, automatic), python3-lib2to3:amd64 (3.8.10-0ubuntu1~20.04, automatic), python3-yaml:amd64 (5.3.1-1ubuntu0.1, automatic), libxcb-shape0:amd64 (1.14-2, automatic), python-babel-localedata:amd64 (2.6.0+dfsg.1-1ubuntu2.2, automatic), python3-pkg-resources:amd64 (45.2.0-1ubuntu0.1, automatic), libglx0:amd64 (1.3.2-1~ubuntu0.20.04.2, automatic), tcl8.6:amd64 (8.6.10+dfsg-1, automatic), menu:amd64 (2.1.47ubuntu4, automatic), libutempter0:amd64 (1.1.6-4, automatic), libxfixes3:amd64 (1:5.0.3-2, automatic), libwebpmux3:amd64 (0.6.1-2ubuntu0.20.04.3, automatic), libxxf86dga1:amd64 (2:1.1.5-0ubuntu1, automatic), libfontconfig1:amd64 (2.13.1-2ubuntu3, automatic), libx11-data:amd64 (2:1.6.9-2ubuntu1.6, automatic), libgl1-mesa-dri:amd64 (21.2.6-0ubuntu0.1~20.04.2, automatic), libreadline8:amd64 (8.0-4, automatic), libunwind8:amd64 (1.2.1-9ubuntu0.1, automatic), libxxf86vm1:amd64 (1:1.1.4-1build1, automatic), libjpeg-turbo8:amd64 (2.0.3-0ubuntu1.20.04.3, automatic), libxdamage1:amd64 (1:1.1.5-2, automatic), libjbig0:amd64 (2.1-3.1ubuntu0.20.04.1, automatic), file:amd64 (1:5.38-4, automatic), libxmu6:amd64 (2:1.1.3-0ubuntu1, automatic), xfonts-base:amd64 (1:1.0.5, automatic), python3-tz:amd64 (2019.3-1ubuntu0.20.04.0, automatic), libpython3.8-stdlib:amd64 (3.8.10-0ubuntu1~20.04.11, automatic), libedit2:amd64 (3.1-20191231-1, automatic), libdrm-intel1:amd64 (2.4.107-8ubuntu1~20.04.2, automatic), libroken18-heimdal:amd64 (7.7.0+dfsg-1ubuntu1.4, automatic), libsensors-config:amd64 (1:3.6.0-2ubuntu1.1, automatic), libfreetype6:amd64 (2.10.1-2ubuntu0.3, automatic), ca-certificates:amd64 (20230311ubuntu0.20.04.1, automatic), xauth:amd64 (1:1.1-0ubuntu1, automatic), python3-rfc3986:amd64 (1.3.2-0ubuntu2, automatic), python3-pygments:amd64 (2.3.1+dfsg-1ubuntu2.2, automatic), libasn1-8-heimdal:amd64 (7.7.0+dfsg-1ubuntu1.4, automatic), libkrb5-26-heimdal:amd64 (7.7.0+dfsg-1ubuntu1.4, automatic), supervisor:amd64 (4.1.0-1ubuntu1), wget:amd64 (1.20.3-1ubuntu2.1), x11-common:amd64 (1:7.7+19ubuntu14, automatic), python3-oslo.context:amd64 (1:3.0.2-0ubuntu1, automatic), yudit-common:amd64 (2.9.6-8build1, automatic), libdrm-radeon1:amd64 (2.4.107-8ubuntu1~20.04.2, automatic), libxpm4:amd64 (1:3.5.12-1ubuntu0.20.04.2, automatic), x11-utils:amd64 (7.7+5, automatic), mesa-vulkan-drivers:amd64 (21.2.6-0ubuntu0.1~20.04.2, automatic), libssl1.1:amd64 (1.1.1f-1ubuntu2.23, automatic), xvfb:amd64 (2:1.20.13-1ubuntu1~20.04.17), libblas3:amd64 (3.9.0-1build1, automatic), libyaml-0-2:amd64 (0.2.2-1, automatic), libice6:amd64 (2:1.0.10-0ubuntu1, automatic), xfonts-encodings:amd64 (1:1.0.5-0ubuntu1, automatic), xbitmaps:amd64 (1.1.1-2, automatic), libavahi-client3:amd64 (0.7-4ubuntu7.3, automatic), libxcb-glx0:amd64 (1.14-2, automatic), libtk8.6:amd64 (8.6.10-1, automatic), libhx509-5-heimdal:amd64 (7.7.0+dfsg-1ubuntu1.4, automatic), libxss1:amd64 (1:1.2.3-1, automatic), libxcb-dri2-0:amd64 (1.14-2, automatic), python3-certifi:amd64 (2019.11.28-1, automatic), libsensors5:amd64 (1:3.6.0-2ubuntu1.1, automatic), python3-oslo.config:amd64 (1:8.0.2-0ubuntu1, automatic), python3-chardet:amd64 (3.0.4-4build1, automatic), libxcb-dri3-0:amd64 (1.14-2, automatic), python3-oslo.log:amd64 (4.1.1-0ubuntu1, automatic), libx11-xcb1:amd64 (2:1.6.9-2ubuntu1.6, automatic), novnc:amd64 (1:1.0.0-2), libfribidi0:amd64 (1.0.8-2ubuntu0.1, automatic), libxcb-sync1:amd64 (1.14-2, automatic), python3-setuptools:amd64 (45.2.0-1ubuntu0.1, automatic), xterm:amd64 (353-1ubuntu1.20.04.2, automatic), libxext6:amd64 (2:1.3.4-0ubuntu1, automatic), tzdata:amd64 (2024a-0ubuntu0.20.04.1, automatic), libglx-mesa0:amd64 (21.2.6-0ubuntu0.1~20.04.2, automatic), libglvnd0:amd64 (1.3.2-1~ubuntu0.20.04.2, automatic), libdrm-common:amd64 (2.4.107-8ubuntu1~20.04.2, automatic), liblzo2-2:amd64 (2.10-2, automatic), libpng16-16:amd64 (1.6.37-2, automatic)
End-Date: 2024-09-03  22:12:36

Start-Date: 2024-09-03  22:14:07
Commandline: apt-get install -y qutebrowser
Install: libmpc3:amd64 (1.1.0-1, automatic), gkbd-capplet:amd64 (3.26.1-1, automatic), alsa-topology-conf:amd64 (1.2.2-1, automatic), libgoa-backend-1.0-1:amd64 (3.36.1-0ubuntu1, automatic), xserver-xorg-input-all:amd64 (1:7.7+19ubuntu14, automatic), libjson-glib-1.0-0:amd64 (1.4.4-2ubuntu2, automatic), hunspell-en-us:amd64 (1:2018.04.16-1, automatic), libx265-179:amd64 (3.2.1-1build1, automatic), libqmi-proxy:amd64 (1.30.4-1~ubuntu20.04.1, automatic), libpolkit-gobject-1-0:amd64 (0.105-26ubuntu1.3, automatic), network-manager-pptp:amd64 (1.2.8-2, automatic), libsoup-gnome2.4-1:amd64 (2.70.0-1, automatic), bluez:amd64 (5.53-0ubuntu3.8, automatic), python3-defer:amd64 (1.0.6-2.1, automatic), libdevmapper1.02.1:amd64 (2:1.02.167-1ubuntu1, automatic), gnome-control-center-data:amd64 (1:3.36.5-0ubuntu4.1, automatic), evolution-data-server-common:amd64 (3.36.5-0ubuntu1, automatic), iso-codes:amd64 (4.4-1, automatic), libgdata-common:amd64 (0.17.12-1, automatic), libusb-1.0-0:amd64 (2:1.0.23-2build1, automatic), gnome-keyring:amd64 (3.36.0-1ubuntu1, automatic), libldb2:amd64 (2:2.4.4-0ubuntu0.20.04.2, automatic), gnome-settings-daemon-common:amd64 (3.36.1-0ubuntu1.1, automatic), xserver-xorg:amd64 (1:7.7+19ubuntu14, automatic), dmsetup:amd64 (2:1.02.167-1ubuntu1, automatic), libnl-route-3-200:amd64 (3.4.0-1ubuntu0.1, automatic), libteamdctl0:amd64 (1.30-1, automatic), python3-html5lib:amd64 (1.0.1-2, automatic), libavformat58:amd64 (7:4.2.7-0ubuntu0.1, automatic), libcogl20:amd64 (1.22.6-1, automatic), xserver-xorg-video-qxl:amd64 (0.1.5+git20200331-1, automatic), python3-cupshelpers:amd64 (1.5.12-0ubuntu1.1, automatic), libsnappy1v5:amd64 (1.1.8-1build1, automatic), python3-ibus-1.0:amd64 (1.5.22-2ubuntu2.1, automatic), xserver-xorg-video-vesa:amd64 (1:2.4.0-2, automatic), libopenjp2-7:amd64 (2.3.1-1ubuntu4.20.04.1, automatic), libpangoft2-1.0-0:amd64 (1.44.7-2ubuntu4, automatic), dbus-x11:amd64 (1.12.16-2ubuntu2.3, automatic), libgusb2:amd64 (0.3.4-0.1, automatic), bolt:amd64 (0.9.1-2~ubuntu20.04.2, automatic), libaa1:amd64 (1.4p5-46, automatic), libgphoto2-port12:amd64 (2.5.25-0ubuntu0.1, automatic), libpackagekit-glib2-18:amd64 (1.1.13-2ubuntu1.1, automatic), libcrack2:amd64 (2.9.6-3.2, automatic), glib-networking-services:amd64 (2.64.2-1ubuntu0.1, automatic), libraw1394-11:amd64 (2.1.2-1, automatic), libqt5svg5:amd64 (5.12.8-0ubuntu1, automatic), libieee1284-3:amd64 (0.2.11-13build1, automatic), libclutter-1.0-0:amd64 (1.26.4+dfsg-1, automatic), libxcb-icccm4:amd64 (0.4.1-1.1, automatic), gir1.2-nm-1.0:amd64 (1.22.10-1ubuntu2.4, automatic), libplist3:amd64 (2.1.0-4build2, automatic), python3-pyqt5.qtwebchannel:amd64 (5.14.1+dfsg-3build1, automatic), sound-theme-freedesktop:amd64 (0.8-2ubuntu1, automatic), python3-webencodings:amd64 (0.5.1-1ubuntu1, automatic), libpopt0:amd64 (1.16-14, automatic), libvte-2.91-0:amd64 (0.60.3-0ubuntu1~20.5, automatic), libedataserverui-1.2-2:amd64 (3.36.5-0ubuntu1, automatic), libcups2:amd64 (2.3.1-9ubuntu1.8, automatic), libwayland-egl1:amd64 (1.18.0-1ubuntu0.1, automatic), networkd-dispatcher:amd64 (2.1-2~ubuntu20.04.3, automatic), libgtop2-common:amd64 (2.40.0-2, automatic), xserver-xorg-video-nouveau:amd64 (1:1.0.16-1, automatic), libchromaprint1:amd64 (1.4.3-3build1, automatic), libclutter-gst-3.0-0:amd64 (3.0.27-1, automatic), libqt5test5:amd64 (5.12.8+dfsg-0ubuntu2.1, automatic), mobile-broadband-provider-info:amd64 (20190618-3, automatic), iptables:amd64 (1.8.4-3ubuntu2.1, automatic), xserver-xorg-video-amdgpu:amd64 (19.1.0-1ubuntu0.1, automatic), gnome-session-common:amd64 (3.36.0-2ubuntu1, automatic), gir1.2-gtk-3.0:amd64 (3.24.20-0ubuntu1.2, automatic), system-config-printer:amd64 (1.5.12-0ubuntu1.1, automatic), gir1.2-mutter-6:amd64 (3.36.9-0ubuntu0.20.04.2, automatic), libpcsclite1:amd64 (1.8.26-3, automatic), libxklavier16:amd64 (5.4-4, automatic), gnome-control-center:amd64 (1:3.36.5-0ubuntu4.1, automatic), iw:amd64 (5.4-1, automatic), session-migration:amd64 (0.3.5, automatic), libgcr-base-3-1:amd64 (3.36.0-2build1, automatic), gir1.2-notify-0.7:amd64 (0.7.9-1ubuntu3.20.04.2, automatic), gir1.2-secret-1:amd64 (0.20.4-0ubuntu1, automatic), libwacom-common:amd64 (1.3-2ubuntu3, automatic), gir1.2-soup-2.4:amd64 (2.70.0-1, automatic), libgtk2.0-bin:amd64 (2.24.32-4ubuntu4.1, automatic), alsa-ucm-conf:amd64 (1.2.2-1ubuntu0.13, automatic), libmpfr6:amd64 (4.0.2-1, automatic), libegl1:amd64 (1.3.2-1~ubuntu0.20.04.2, automatic), gcc-9-base:amd64 (9.4.0-1ubuntu1~20.04.2, automatic), qt5-gtk-platformtheme:amd64 (5.12.8+dfsg-0ubuntu2.1, automatic), xserver-xorg-core:amd64 (2:1.20.13-1ubuntu1~20.04.17, automatic), libdv4:amd64 (1.0.0-12, automatic), libgirepository-1.0-1:amd64 (1.64.1-1~ubuntu20.04.1, automatic), libgphoto2-6:amd64 (2.5.25-0ubuntu0.1, automatic), gir1.2-gdkpixbuf-2.0:amd64 (2.40.0+dfsg-3ubuntu0.5, automatic), python3-wadllib:amd64 (1.3.3-3build1, automatic), libcogl-path20:amd64 (1.22.6-1, automatic), libgdk-pixbuf2.0-0:amd64 (2.40.0+dfsg-3ubuntu0.5, automatic), libqt5help5:amd64 (5.12.8-0ubuntu1, automatic), libproxy1v5:amd64 (0.4.15-10ubuntu1.2, automatic), sane-utils:amd64 (1.0.29-0ubuntu5.2, automatic), gnome-user-docs:amd64 (3.36.2+git20200704-0ubuntu0.1, automatic), libargon2-1:amd64 (0~20171227-0.2, automatic), libgoa-1.0-0b:amd64 (3.36.1-0ubuntu1, automatic), cracklib-runtime:amd64 (2.9.6-3.2, automatic), libegl-mesa0:amd64 (21.2.6-0ubuntu0.1~20.04.2, automatic), dconf-service:amd64 (0.36.0-1, automatic), libcairo-gobject2:amd64 (1.16.0-4ubuntu1, automatic), python3-macaroonbakery:amd64 (1.3.1-1, automatic), va-driver-all:amd64 (2.7.0-2, automatic), libgoa-1.0-common:amd64 (3.36.1-0ubuntu1, automatic), libswresample3:amd64 (7:4.2.7-0ubuntu0.1, automatic), libcdparanoia0:amd64 (3.10.2+debian-13, automatic), libfprint-2-2:amd64 (1:1.90.2+tod1-0ubuntu1~20.04.10, automatic), python3-distro:amd64 (1.4.0-1, automatic), libnl-genl-3-200:amd64 (3.4.0-1ubuntu0.1, automatic), libwbclient0:amd64 (2:4.15.13+dfsg-0ubuntu0.20.04.7, automatic), python3-jwt:amd64 (1.7.1-2ubuntu2.1, automatic), python3-ruamel.yaml:amd64 (0.15.89-3build1, automatic), libgweather-3-16:amd64 (3.36.1-1~ubuntu20.04.1, automatic), libpulsedsp:amd64 (1:13.99.1-1ubuntu3.13, automatic), glib-networking:amd64 (2.64.2-1ubuntu0.1, automatic), libgtk-3-common:amd64 (3.24.20-0ubuntu1.2, automatic), acl:amd64 (2.2.53-6, automatic), xdg-user-dirs:amd64 (0.17-2ubuntu1, automatic), libpam-fprintd:amd64 (1.90.9-1~ubuntu20.04.1, automatic), apg:amd64 (2.2.3.dfsg.1-5, automatic), libgtk-3-0:amd64 (3.24.20-0ubuntu1.2, automatic), libgd3:amd64 (2.2.5-5.2ubuntu2.1, automatic), libshout3:amd64 (2.4.3-1, automatic), cups-pk-helper:amd64 (0.2.6-1ubuntu3, automatic), libavahi-glib1:amd64 (0.7-4ubuntu7.3, automatic), libgjs0g:amd64 (1.64.5-0ubuntu0.20.04.01, automatic), python3-ldb:amd64 (2:2.4.4-0ubuntu0.20.04.2, automatic), pulseaudio:amd64 (1:13.99.1-1ubuntu3.13, automatic), gstreamer1.0-plugins-good:amd64 (1.16.3-0ubuntu1.2, automatic), python3-systemd:amd64 (234-3build2, automatic), cpp-9:amd64 (9.4.0-1ubuntu1~20.04.2, automatic), libcogl-common:amd64 (1.22.6-1, automatic), libedata-cal-2.0-1:amd64 (3.36.5-0ubuntu1, automatic), libkmod2:amd64 (27-1ubuntu2.1, automatic), gnome-desktop3-data:amd64 (3.36.8-0ubuntu1, automatic), yelp:amd64 (3.36.2-0ubuntu1, automatic), libyelp0:amd64 (3.36.2-0ubuntu1, automatic), libasound2-data:amd64 (1.2.2-2.1ubuntu2.5, automatic), libdbusmenu-glib4:amd64 (16.04.1+18.10.20180917-0ubuntu6, automatic), fprintd:amd64 (1.90.9-1~ubuntu20.04.1, automatic), rtkit:amd64 (0.12-4, automatic), libpam-cap:amd64 (1:2.32-1ubuntu0.1, automatic), libsecret-1-0:amd64 (0.20.4-0ubuntu1, automatic), liborc-0.4-0:amd64 (1:0.4.31-1ubuntu0.1, automatic), librsvg2-common:amd64 (2.48.9-1ubuntu0.20.04.4, automatic), libwoff1:amd64 (1.0.2-1build2, automatic), libicu66:amd64 (66.1-2ubuntu2.1, automatic), python3-protobuf:amd64 (3.6.1.3-2ubuntu5.2, automatic), gir1.2-atk-1.0:amd64 (2.35.1-1ubuntu2, automatic), cpp:amd64 (4:9.3.0-1ubuntu2, automatic), bsdmainutils:amd64 (11.1.2ubuntu3, automatic), libwhoopsie0:amd64 (0.2.69ubuntu0.3, automatic), libogg0:amd64 (1.3.4-0ubuntu1, automatic), libigdgmm11:amd64 (20.1.1+ds1-1, automatic), libxcb-render-util0:amd64 (0.3.9-1build1, automatic), libopenmpt0:amd64 (0.4.11-1build1, automatic), humanity-icon-theme:amd64 (0.6.15, automatic), libsnmp-base:amd64 (5.8+dfsg-2ubuntu2.9, automatic), python3-aptdaemon.gtk3widgets:amd64 (1.1.1+bzr982-0ubuntu32.3, automatic), bind9-host:amd64 (1:9.18.28-0ubuntu0.20.04.1, automatic), language-selector-common:amd64 (0.204.2, automatic), libarchive13:amd64 (3.4.0-2ubuntu1.2, automatic), docbook-xml:amd64 (4.5-9, automatic), python3-pyqt5.qtwebengine:amd64 (5.14.0-2build1, automatic), libminizip1:amd64 (1.1-8build1, automatic), libwrap0:amd64 (7.6.q-30, automatic), p11-kit:amd64 (0.23.20-1ubuntu0.1, automatic), xserver-xorg-video-fbdev:amd64 (1:0.5.0-1ubuntu1, automatic), libqmi-glib5:amd64 (1.30.4-1~ubuntu20.04.1, automatic), pptp-linux:amd64 (1.10.0-1build1, automatic), at-spi2-core:amd64 (2.36.0-2, automatic), xdg-dbus-proxy:amd64 (0.1.2-1, automatic), dconf-gsettings-backend:amd64 (0.36.0-1, automatic), libgail-common:amd64 (2.24.32-4ubuntu4.1, automatic), perl-modules-5.30:amd64 (5.30.0-9ubuntu0.5, automatic), libxcb-util1:amd64 (0.4.0-0ubuntu3, automatic), gir1.2-geoclue-2.0:amd64 (2.5.6-0ubuntu1, automatic), libqt5dbus5:amd64 (5.12.8+dfsg-0ubuntu2.1, automatic), ubuntu-wallpapers-focal:amd64 (20.04.2-0ubuntu1, automatic), libvdpau1:amd64 (1.3-1ubuntu2, automatic), libopengl0:amd64 (1.3.2-1~ubuntu0.20.04.2, automatic), dnsmasq-base:amd64 (2.90-0ubuntu0.20.04.1, automatic), python3-pyqt5:amd64 (5.14.1+dfsg-3build1, automatic), libqt5sql5-sqlite:amd64 (5.12.8+dfsg-0ubuntu2.1, automatic), libmp3lame0:amd64 (3.100-3, automatic), libgtk2.0-0:amd64 (2.24.32-4ubuntu4.1, automatic), libgdata22:amd64 (0.17.12-1, automatic), python3-keyring:amd64 (18.0.1-2ubuntu1, automatic), gir1.2-accountsservice-1.0:amd64 (0.6.55-0ubuntu12~20.04.7, automatic), ubuntu-session:amd64 (3.36.0-2ubuntu1, automatic), netbase:amd64 (6.1, automatic), libxcursor1:amd64 (1:1.2.0-2, automatic), libnuma1:amd64 (2.0.12-1, automatic), python3-entrypoints:amd64 (0.3-2ubuntu1, automatic), libpython3.8:amd64 (3.8.10-0ubuntu1~20.04.11, automatic), xserver-xorg-input-libinput:amd64 (0.29.0-1, automatic), python-apt-common:amd64 (2.0.1ubuntu0.20.04.1, automatic), gcr:amd64 (3.36.0-2build1, automatic), libgnome-bluetooth13:amd64 (3.34.3-0ubuntu1, automatic), xserver-xorg-legacy:amd64 (2:1.20.13-1ubuntu1~20.04.17, automatic), liblocale-gettext-perl:amd64 (1.07-4, automatic), libgphoto2-l10n:amd64 (2.5.25-0ubuntu0.1, automatic), gjs:amd64 (1.64.5-0ubuntu0.20.04.01, automatic), libxatracker2:amd64 (21.2.6-0ubuntu0.1~20.04.2, automatic), gnome-settings-daemon:amd64 (3.36.1-0ubuntu1.1, automatic), libgupnp-1.2-0:amd64 (1.2.4-0ubuntu1, automatic), libthai-data:amd64 (0.1.28-3, automatic), libqt5widgets5:amd64 (5.12.8+dfsg-0ubuntu2.1, automatic), libcogl-pango20:amd64 (1.22.6-1, automatic), libpolkit-agent-1-0:amd64 (0.105-26ubuntu1.3, automatic), gir1.2-pango-1.0:amd64 (1.44.7-2ubuntu4, automatic), mousetweaks:amd64 (3.32.0-2, automatic), libharfbuzz-icu0:amd64 (2.6.4-1ubuntu4.2, automatic), libvorbisfile3:amd64 (1.3.6-2ubuntu1, automatic), libdaemon0:amd64 (0.14-7, automatic), libmtdev1:amd64 (1.1.5-1.1, automatic), libip6tc2:amd64 (1.8.4-3ubuntu2.1, automatic), udev:amd64 (245.4-4ubuntu3.23, automatic), libwacom-bin:amd64 (1.3-2ubuntu3, automatic), gstreamer1.0-plugins-base:amd64 (1.16.3-0ubuntu1.3, automatic), python3-lazr.restfulclient:amd64 (0.14.2-2build1, automatic), libepoxy0:amd64 (1.5.4-1, automatic), libnm0:amd64 (1.22.10-1ubuntu2.4, automatic), libpwquality-common:amd64 (1.4.2-1build1, automatic), evolution-data-server:amd64 (3.36.5-0ubuntu1, automatic), libappindicator3-1:amd64 (12.10.1+20.04.20200408.1-0ubuntu1, automatic), libsecret-common:amd64 (0.20.4-0ubuntu1, automatic), python3-sip:amd64 (4.19.21+dfsg-1build1, automatic), libwhoopsie-preferences0:amd64 (22, automatic), gsettings-desktop-schemas:amd64 (3.36.0-1ubuntu1, automatic), whoopsie-preferences:amd64 (22, automatic), libgraphene-1.0-0:amd64 (1.10.0-1build2, automatic), python3-pypeg2:amd64 (2.15.2-2, automatic), libnftnl11:amd64 (1.1.5-1, automatic), network-manager-gnome:amd64 (1.8.24-1ubuntu3, automatic), libgles2:amd64 (1.3.2-1~ubuntu0.20.04.2, automatic), libgail18:amd64 (2.24.32-4ubuntu4.1, automatic), libxcb-render0:amd64 (1.14-2, automatic), libhyphen0:amd64 (2.8.8-7, automatic), libpipeline1:amd64 (1.5.2-2build1, automatic), upower:amd64 (0.99.11-1build2, automatic), gir1.2-freedesktop:amd64 (1.64.1-1~ubuntu20.04.1, automatic), gdm3:amd64 (3.36.3-0ubuntu0.20.04.4, automatic), iio-sensor-proxy:amd64 (2.8-1ubuntu2, automatic), python3-lazr.uri:amd64 (1.0.3-4build1, automatic), bubblewrap:amd64 (0.4.0-1ubuntu4, automatic), libassuan0:amd64 (2.5.3-7ubuntu2, automatic), network-manager:amd64 (1.22.10-1ubuntu2.4, automatic), packagekit-tools:amd64 (1.1.13-2ubuntu1.1, automatic), libwavpack1:amd64 (5.2.0-1ubuntu0.1, automatic), libbdplus0:amd64 (0.1.2-3, automatic), libmutter-6-0:amd64 (3.36.9-0ubuntu0.20.04.2, automatic), librygel-server-2.6-2:amd64 (0.38.3-1ubuntu1, automatic), xserver-xorg-input-wacom:amd64 (1:0.39.0-0ubuntu1, automatic), colord-data:amd64 (1.4.4-2, automatic), libgudev-1.0-0:amd64 (1:233-1, automatic), vdpau-driver-all:amd64 (1.3-1ubuntu2, automatic), libcanberra-gtk3-module:amd64 (0.30-7ubuntu1, automatic), p11-kit-modules:amd64 (0.23.20-1ubuntu0.1, automatic), libopus0:amd64 (1.3.1-0ubuntu1, automatic), libisl22:amd64 (0.22.1-1, automatic), gir1.2-gdm-1.0:amd64 (3.36.3-0ubuntu0.20.04.4, automatic), glib-networking-common:amd64 (2.64.2-1ubuntu0.1, automatic), python3-httplib2:amd64 (0.14.0-1ubuntu1, automatic), libgstreamer-plugins-good1.0-0:amd64 (1.16.3-0ubuntu1.2, automatic), kmod:amd64 (27-1ubuntu2.1, automatic), libvpx6:amd64 (1.8.2-1ubuntu0.3, automatic), libgcr-ui-3-1:amd64 (3.36.0-2build1, automatic), libsoup2.4-1:amd64 (2.70.0-1, automatic), python3-cups:amd64 (1.9.73-3build1, automatic), libqt5webenginewidgets5:amd64 (5.12.8+dfsg-0ubuntu1.1, automatic), libtalloc2:amd64 (2.3.3-0ubuntu0.20.04.1, automatic), libqt5xml5:amd64 (5.12.8+dfsg-0ubuntu2.1, automatic), ibus-gtk:amd64 (1.5.22-2ubuntu2.1, automatic), libpam-gnome-keyring:amd64 (3.36.0-1ubuntu1, automatic), libltdl7:amd64 (2.4.6-14, automatic), gstreamer1.0-pulseaudio:amd64 (1.16.3-0ubuntu1.2, automatic), libgbm1:amd64 (21.2.6-0ubuntu0.1~20.04.2, automatic), ibus-gtk3:amd64 (1.5.22-2ubuntu2.1, automatic), mutter-common:amd64 (3.36.9-0ubuntu0.20.04.2, automatic), geoclue-2.0:amd64 (2.5.6-0ubuntu1, automatic), libaom0:amd64 (1.0.0.errata1-3+deb11u1build0.20.04.1, automatic), libxkbcommon-x11-0:amd64 (0.10.0-1, automatic), libqt5printsupport5:amd64 (5.12.8+dfsg-0ubuntu2.1, automatic), liblmdb0:amd64 (0.9.24-1, automatic), systemd-timesyncd:amd64 (245.4-4ubuntu3.23, automatic), libqt5qml5:amd64 (5.12.8-0ubuntu1, automatic), gir1.2-gnomedesktop-3.0:amd64 (3.36.8-0ubuntu1, automatic), libgeocode-glib0:amd64 (3.26.2-2, automatic), python3-pymacaroons:amd64 (0.13.0-3, automatic), libgeoclue-2-0:amd64 (2.5.6-0ubuntu1, automatic), librygel-db-2.6-2:amd64 (0.38.3-1ubuntu1, automatic), libndp0:amd64 (1.7-0ubuntu1.1, automatic), python3-simplejson:amd64 (3.16.0-2ubuntu2, automatic), libusbmuxd6:amd64 (2.0.1-2, automatic), libperl5.30:amd64 (5.30.0-9ubuntu0.5, automatic), libaspell15:amd64 (0.60.8-1ubuntu0.1, automatic), samba-libs:amd64 (2:4.15.13+dfsg-0ubuntu0.20.04.7, automatic), libstartup-notification0:amd64 (0.12-6, automatic), xserver-xephyr:amd64 (2:1.20.13-1ubuntu1~20.04.17, automatic), libpangoxft-1.0-0:amd64 (1.44.7-2ubuntu4, automatic), apport:amd64 (2.20.11-0ubuntu27.27, automatic), libgdm1:amd64 (3.36.3-0ubuntu0.20.04.4, automatic), gir1.2-gck-1:amd64 (3.36.0-2build1, automatic), libinput-bin:amd64 (1.15.5-1ubuntu0.3, automatic), libnfnetlink0:amd64 (1.0.1-3build1, automatic), libebackend-1.2-10:amd64 (3.36.5-0ubuntu1, automatic), libuv1:amd64 (1.34.2-1ubuntu1.5, automatic), fontconfig:amd64 (2.13.1-2ubuntu3, automatic), libmediaart-2.0-0:amd64 (1.9.4-2, automatic), libqt5gui5:amd64 (5.12.8+dfsg-0ubuntu2.1, automatic), groff-base:amd64 (1.22.4-4build1, automatic), ppp:amd64 (2.4.7-2+4.1ubuntu5.1, automatic), libva2:amd64 (2.7.0-2, automatic), libsnmp35:amd64 (5.8+dfsg-2ubuntu2.9, automatic), libqt5quickwidgets5:amd64 (5.12.8-0ubuntu1, automatic), libgnome-autoar-0-0:amd64 (0.2.3-2ubuntu0.4, automatic), ubuntu-docs:amd64 (20.04.3, automatic), libgnome-desktop-3-19:amd64 (3.36.8-0ubuntu1, automatic), libgee-0.8-2:amd64 (0.20.3-1, automatic), libatk1.0-0:amd64 (2.35.1-1ubuntu2, automatic), adwaita-icon-theme:amd64 (3.36.1-2ubuntu0.20.04.2, automatic), libx264-155:amd64 (2:0.155.2917+git0a84d98-2, automatic), python3-cryptography:amd64 (2.8-3ubuntu0.3, automatic), libgtk-3-bin:amd64 (3.24.20-0ubuntu1.2, automatic), libnss-mdns:amd64 (0.14.1-1ubuntu1, automatic), man-db:amd64 (2.9.1-1, automatic), libpangocairo-1.0-0:amd64 (1.44.7-2ubuntu4, automatic), libboost-thread1.71.0:amd64 (1.71.0-6ubuntu6, automatic), libebook-1.2-20:amd64 (3.36.5-0ubuntu1, automatic), libpulse0:amd64 (1:13.99.1-1ubuntu3.13, automatic), pci.ids:amd64 (0.0~2020.03.20-1, automatic), libre2-5:amd64 (20200101+dfsg-1build1, automatic), yelp-xsl:amd64 (3.36.0-1, automatic), gir1.2-graphene-1.0:amd64 (1.10.0-1build2, automatic), libmpg123-0:amd64 (1.25.13-1, automatic), gir1.2-glib-2.0:amd64 (1.64.1-1~ubuntu20.04.1, automatic), libxvidcore4:amd64 (2:1.3.7-1, automatic), gir1.2-vte-2.91:amd64 (0.60.3-0ubuntu1~20.5, automatic), libqt5webchannel5:amd64 (5.12.8-0ubuntu1, automatic), libcaca0:amd64 (0.99.beta19-2.1ubuntu1.20.04.2, automatic), libxcb-image0:amd64 (0.4.0-1build1, automatic), sgml-data:amd64 (2.0.11, automatic), libimobiledevice6:amd64 (1.2.1~git20191129.9f79242-1build1, automatic), gir1.2-gweather-3.0:amd64 (3.36.1-1~ubuntu20.04.1, automatic), libatspi2.0-0:amd64 (2.36.0-2, automatic), librsvg2-2:amd64 (2.48.9-1ubuntu0.20.04.4, automatic), python3-apport:amd64 (2.20.11-0ubuntu27.27, automatic), im-config:amd64 (0.44-1ubuntu1.3, automatic), libqt5webengine-data:amd64 (5.12.8+dfsg-0ubuntu1.1, automatic), libiec61883-0:amd64 (1.2.0-3, automatic), libzvbi0:amd64 (0.2.35-17, automatic), avahi-daemon:amd64 (0.7-4ubuntu7.3, automatic), gir1.2-gnomebluetooth-1.0:amd64 (3.34.3-0ubuntu1, automatic), libvorbisenc2:amd64 (1.3.6-2ubuntu1, automatic), libnewt0.52:amd64 (0.52.21-4ubuntu2, automatic), libtag1v5:amd64 (1.11.1+dfsg.1-0.3ubuntu2, automatic), libcap2:amd64 (1:2.32-1ubuntu0.1, automatic), libxcb-res0:amd64 (1.14-2, automatic), python3-cffi-backend:amd64 (1.14.0-1build1, automatic), libgstreamer-gl1.0-0:amd64 (1.16.3-0ubuntu1.3, automatic), libpulse-mainloop-glib0:amd64 (1:13.99.1-1ubuntu3.13, automatic), systemd-sysv:amd64 (245.4-4ubuntu3.23, automatic), xserver-xorg-video-intel:amd64 (2:2.99.917+git20200226-1, automatic), libcap2-bin:amd64 (1:2.32-1ubuntu0.1, automatic), libspeex1:amd64 (1.2~rc1.2-1.1ubuntu1.20.04.1, automatic), libnl-3-200:amd64 (3.4.0-1ubuntu0.1, automatic), libavahi-core7:amd64 (0.7-4ubuntu7.3, automatic), libaacs0:amd64 (0.9.0-2, automatic), libgdbm6:amd64 (1.18.1-5, automatic), python3-markupsafe:amd64 (1.1.0-1build2, automatic), libjack-jackd2-0:amd64 (1.9.12~dfsg-2ubuntu2, automatic), libavcodec58:amd64 (7:4.2.7-0ubuntu0.1, automatic), python3-pyqt5.qtquick:amd64 (5.14.1+dfsg-3build1, automatic), libxcb-xinerama0:amd64 (1.14-2, automatic), qutebrowser-qtwebengine:amd64 (1.10.1-1, automatic), libxcb-keysyms1:amd64 (0.4.0-1build1, automatic), libglib2.0-bin:amd64 (2.64.6-1~ubuntu20.04.7, automatic), libxcb-xv0:amd64 (1.14-2, automatic), gnome-shell-common:amd64 (3.36.9-0ubuntu0.20.04.4, automatic), zenity:amd64 (3.32.0-5, automatic), libnetfilter-conntrack3:amd64 (1.0.7-2, automatic), python3-blinker:amd64 (1.4+dfsg1-0.3ubuntu1, automatic), libmm-glib0:amd64 (1.18.6-1~ubuntu20.04.1, automatic), libjson-glib-1.0-common:amd64 (1.4.4-2ubuntu2, automatic), python3-pyqt5.qtsql:amd64 (5.14.1+dfsg-3build1, automatic), gir1.2-gcr-3:amd64 (3.36.0-2build1, automatic), libgck-1-0:amd64 (3.36.0-2build1, automatic), libpam-systemd:amd64 (245.4-4ubuntu3.23, automatic), xserver-xorg-video-vmware:amd64 (1:13.3.0-3, automatic), libgstreamer-plugins-base1.0-0:amd64 (1.16.3-0ubuntu1.3, automatic), system-config-printer-udev:amd64 (1.5.12-0ubuntu1.1, automatic), libavutil56:amd64 (7:4.2.7-0ubuntu0.1, automatic), xwayland:amd64 (2:1.20.13-1ubuntu1~20.04.17, automatic), distro-info-data:amd64 (0.43ubuntu1.16, automatic), qutebrowser:amd64 (1.10.1-1), libtheora0:amd64 (1.1.1+dfsg.1-15ubuntu2, automatic), libsndfile1:amd64 (1.0.28-7ubuntu0.2, automatic), libnma0:amd64 (1.8.24-1ubuntu3, automatic), gnome-startup-applications:amd64 (3.36.0-2ubuntu1, automatic), gstreamer1.0-x:amd64 (1.16.3-0ubuntu1.3, automatic), libcanberra-pulse:amd64 (0.30-7ubuntu1, automatic), packagekit:amd64 (1.1.13-2ubuntu1.1, automatic), libcolord2:amd64 (1.4.4-2, automatic), shared-mime-info:amd64 (1.15-1, automatic), systemd:amd64 (245.4-4ubuntu3.23, automatic), libgomp1:amd64 (10.5.0-1ubuntu1~20.04, automatic), libmozjs-68-0:amd64 (68.6.0-1ubuntu1, automatic), usb.ids:amd64 (2020.03.19-1, automatic), libwebkit2gtk-4.0-37:amd64 (2.38.6-0ubuntu0.20.04.1, automatic), gnome-online-accounts:amd64 (3.36.1-0ubuntu1, automatic), gir1.2-upowerglib-1.0:amd64 (0.99.11-1build2, automatic), libqt5core5a:amd64 (5.12.8+dfsg-0ubuntu2.1, automatic), libgme0:amd64 (0.6.2-1build1, automatic), libmbim-proxy:amd64 (1.26.2-1~ubuntu20.04.1, automatic), libcanberra-gtk3-0:amd64 (0.30-7ubuntu1, automatic), wpasupplicant:amd64 (2:2.9-1ubuntu4.4, automatic), libgdk-pixbuf2.0-bin:amd64 (2.40.0+dfsg-3ubuntu0.5, automatic), libssh-gcrypt-4:amd64 (0.9.3-2ubuntu2.5, automatic), gir1.2-atspi-2.0:amd64 (2.36.0-2, automatic), python3-rfc3339:amd64 (1.1-2, automatic), hicolor-icon-theme:amd64 (0.17-2, automatic), usb-modeswitch-data:amd64 (20191128-3, automatic), rygel:amd64 (0.38.3-1ubuntu1, automatic), libenchant-2-2:amd64 (2.2.8-1ubuntu0.20.04.1, automatic), xserver-xorg-video-all:amd64 (1:7.7+19ubuntu14, automatic), libthai0:amd64 (0.1.28-3, automatic), libsoxr0:amd64 (0.1.3-2build1, automatic), xserver-xorg-video-ati:amd64 (1:19.1.0-1, automatic), mysql-common:amd64 (5.8+1.0.5ubuntu2, automatic), emacsen-common:amd64 (3.0.4, automatic), libasyncns0:amd64 (0.8-6, automatic), python3-pyqt5.qtopengl:amd64 (5.14.1+dfsg-3build1, automatic), aspell:amd64 (0.60.8-1ubuntu0.1, automatic), libupower-glib3:amd64 (0.99.11-1build2, automatic), libgdk-pixbuf2.0-common:amd64 (2.40.0+dfsg-3ubuntu0.5, automatic), libsmbclient:amd64 (2:4.15.13+dfsg-0ubuntu0.20.04.7, automatic), unzip:amd64 (6.0-25ubuntu1.2, automatic), yaru-theme-gnome-shell:amd64 (20.04.11.1, automatic), libspeexdsp1:amd64 (1.2~rc1.2-1.1ubuntu1.20.04.1, automatic), enchant-2:amd64 (2.2.8-1ubuntu0.20.04.1, automatic), libsodium23:amd64 (1.0.18-1, automatic), aptdaemon-data:amd64 (1.1.1+bzr982-0ubuntu32.3, automatic), libgtk2.0-common:amd64 (2.24.32-4ubuntu4.1, automatic), libtdb1:amd64 (1.4.5-0ubuntu0.20.04.1, automatic), libmysqlclient21:amd64 (8.0.39-0ubuntu0.20.04.1, automatic), libnss-systemd:amd64 (245.4-4ubuntu3.23, automatic), keyboard-configuration:amd64 (1.194ubuntu3, automatic), python3-dbus:amd64 (1.2.16-1build1, automatic), libasound2:amd64 (1.2.2-2.1ubuntu2.5, automatic), libgssdp-1.2-0:amd64 (1.2.3-0ubuntu0.20.04.1, automatic), gnome-session-bin:amd64 (3.36.0-2ubuntu1, automatic), libasound2-plugins:amd64 (1.2.2-1ubuntu1, automatic), x11-xserver-utils:amd64 (7.7+8, automatic), libgraphite2-3:amd64 (1.3.13-11build1, automatic), libgpm2:amd64 (1.20.7-5, automatic), libcheese-gtk25:amd64 (3.34.0-1ubuntu1, automatic), libuchardet0:amd64 (0.0.6-3build1, automatic), python3-talloc:amd64 (2.3.3-0ubuntu0.20.04.1, automatic), libvisual-0.4-0:amd64 (0.4.0-17, automatic), libgsound0:amd64 (1.0.2-4, automatic), libglib2.0-data:amd64 (2.64.6-1~ubuntu20.04.7, automatic), cheese-common:amd64 (3.34.0-1ubuntu1, automatic), switcheroo-control:amd64 (2.1-1, automatic), libdbusmenu-gtk3-4:amd64 (16.04.1+18.10.20180917-0ubuntu6, automatic), libcolord-gtk1:amd64 (0.2.0-0ubuntu1, automatic), libxtables12:amd64 (1.8.4-3ubuntu2.1, automatic), gir1.2-gdesktopenums-3.0:amd64 (3.36.0-1ubuntu1, automatic), libqt5opengl5:amd64 (5.12.8+dfsg-0ubuntu2.1, automatic), librest-0.7-0:amd64 (0.8.1-1, automatic), dictionaries-common:amd64 (1.28.1, automatic), policykit-1:amd64 (0.105-26ubuntu1.3, automatic), libshine3:amd64 (3.1.1-2, automatic), gnome-control-center-faces:amd64 (1:3.36.5-0ubuntu4.1, automatic), ibus:amd64 (1.5.22-2ubuntu2.1, automatic), libatk-bridge2.0-0:amd64 (2.34.2-0ubuntu2~20.04.1, automatic), libpwquality1:amd64 (1.4.2-1build1, automatic), python3-cairo:amd64 (1.16.2-2ubuntu2, automatic), python3-aptdaemon:amd64 (1.1.1+bzr982-0ubuntu32.3, automatic), lsb-release:amd64 (11.1.0ubuntu2, automatic), xserver-xorg-video-radeon:amd64 (1:19.1.0-1, automatic), usbmuxd:amd64 (1.1.1~git20191130.9af2b12-1, automatic), libphonenumber7:amd64 (7.1.0-5ubuntu11, automatic), libevent-2.1-7:amd64 (2.1.11-stable-1, automatic), intel-media-va-driver:amd64 (20.1.1+dfsg1-1, automatic), libxml2:amd64 (2.9.10+dfsg-5ubuntu0.20.04.7, automatic), ubuntu-wallpapers:amd64 (20.04.2-0ubuntu1, automatic), libsane-common:amd64 (1.0.29-0ubuntu5.2, automatic), libmaxminddb0:amd64 (1.4.2-0ubuntu1.20.04.1, automatic), python3-gi:amd64 (3.36.0-1, automatic), libvte-2.91-common:amd64 (0.60.3-0ubuntu1~20.5, automatic), gir1.2-packagekitglib-1.0:amd64 (1.1.13-2ubuntu1.1, automatic), libflac8:amd64 (1.3.3-1ubuntu0.2, automatic), libidn11:amd64 (1.33-2.2ubuntu2, automatic), python3-soupsieve:amd64 (1.9.5+dfsg-1, automatic), libqt5webenginecore5:amd64 (5.12.8+dfsg-0ubuntu1.1, automatic), libebook-contacts-1.2-3:amd64 (3.36.5-0ubuntu1, automatic), qttranslations5-l10n:amd64 (5.12.8-0ubuntu1, automatic), libibus-1.0-5:amd64 (1.5.22-2ubuntu2.1, automatic), pulseaudio-module-bluetooth:amd64 (1:13.99.1-1ubuntu3.13, automatic), libnss3:amd64 (2:3.98-0ubuntu0.20.04.2, automatic), libgupnp-dlna-2.0-3:amd64 (0.10.5-4, automatic), libwacom2:amd64 (1.3-2ubuntu3, automatic), libedata-book-1.2-26:amd64 (3.36.5-0ubuntu1, automatic), libpcap0.8:amd64 (1.9.1-3, automatic), libtwolame0:amd64 (0.4.0-2, automatic), libudisks2-0:amd64 (2.8.4-1ubuntu2, automatic), gir1.2-ibus-1.0:amd64 (1.5.22-2ubuntu2.1, automatic), python3-oauthlib:amd64 (3.1.0-1ubuntu2, automatic), libgsm1:amd64 (1.0.18-2, automatic), libva-x11-2:amd64 (2.7.0-2, automatic), python3-launchpadlib:amd64 (1.10.13-1, automatic), libcodec2-0.9:amd64 (0.9.2-2, automatic), perl:amd64 (5.30.0-9ubuntu0.5, automatic), libcheese8:amd64 (3.34.0-1ubuntu1, automatic), modemmanager:amd64 (1.18.6-1~ubuntu20.04.1, automatic), libecal-2.0-1:amd64 (3.36.5-0ubuntu1, automatic), dns-root-data:amd64 (2023112702~ubuntu0.20.04.1, automatic), python3-nacl:amd64 (1.3.0-5, automatic), gnome-keyring-pkcs11:amd64 (3.36.0-1ubuntu1, automatic), libqt5webengine5:amd64 (5.12.8+dfsg-0ubuntu1.1, automatic), gnome-shell:amd64 (3.36.9-0ubuntu0.20.04.4, automatic), libcryptsetup12:amd64 (2:2.2.2-3ubuntu2.4, automatic), crda:amd64 (3.18-1build1, automatic), avahi-utils:amd64 (0.7-4ubuntu7.3, automatic), libical3:amd64 (3.0.8-1, automatic), python3-requests-unixsocket:amd64 (0.2.0-2, automatic), libappstream4:amd64 (0.12.10-2, automatic), gtk-update-icon-cache:amd64 (3.24.20-0ubuntu1.2, automatic), libxvmc1:amd64 (2:1.0.12-2, automatic), libsnapd-glib1:amd64 (1.58-0ubuntu0.20.04.0, automatic), libva-drm2:amd64 (2.7.0-2, automatic), libhunspell-1.7-0:amd64 (1.7.0-2build2, automatic), librygel-core-2.6-2:amd64 (0.38.3-1ubuntu1, automatic), dbus-user-session:amd64 (1.12.16-2ubuntu2.3, automatic), usb-modeswitch:amd64 (2.5.2+repack0-2ubuntu3, automatic), mesa-vdpau-drivers:amd64 (21.2.6-0ubuntu0.1~20.04.2, automatic), aptdaemon:amd64 (1.1.1+bzr982-0ubuntu32.3, automatic), ocl-icd-libopencl1:amd64 (2.2.11-1ubuntu1, automatic), libatomic1:amd64 (10.5.0-1ubuntu1~20.04, automatic), gir1.2-json-1.0:amd64 (1.4.4-2ubuntu2, automatic), libvorbis0a:amd64 (1.3.6-2ubuntu1, automatic), librygel-renderer-2.6-2:amd64 (0.38.3-1ubuntu1, automatic), libv4l-0:amd64 (1.18.0-2build1, automatic), python3-jinja2:amd64 (2.10.1-2ubuntu0.3, automatic), libatk1.0-data:amd64 (2.35.1-1ubuntu2, automatic), accountsservice:amd64 (0.6.55-0ubuntu12~20.04.7, automatic), libharfbuzz0b:amd64 (2.6.4-1ubuntu4.2, automatic), language-selector-gnome:amd64 (0.204.2, automatic), libgnomekbd8:amd64 (3.26.1-1, automatic), libqt5network5:amd64 (5.12.8+dfsg-0ubuntu2.1, automatic), gir1.2-polkit-1.0:amd64 (0.105-26ubuntu1.3, automatic), libv4lconvert0:amd64 (1.18.0-2build1, automatic), system-config-printer-common:amd64 (1.5.12-0ubuntu1.1, automatic), libpci3:amd64 (1:3.6.4-1ubuntu0.20.04.1, automatic), libjansson4:amd64 (2.12-1build1, automatic), libprotobuf17:amd64 (3.6.1.3-2ubuntu5.2, automatic), gstreamer1.0-clutter-3.0:amd64 (3.0.27-1, automatic), libtag1v5-vanilla:amd64 (1.11.1+dfsg.1-0.3ubuntu2, automatic), libjson-c4:amd64 (0.13.1+dfsg-7ubuntu0.3, automatic), libgdbm-compat4:amd64 (1.18.1-5, automatic), libcamel-1.2-62:amd64 (3.36.5-0ubuntu1, automatic), libbluetooth3:amd64 (5.53-0ubuntu3.8, automatic), libqt5designer5:amd64 (5.12.8-0ubuntu1, automatic), libqt5positioning5:amd64 (5.12.8+dfsg-0ubuntu1, automatic), i965-va-driver:amd64 (2.4.0-0ubuntu1, automatic), libstemmer0d:amd64 (0+svn585-2, automatic), gettext-base:amd64 (0.19.8.1-10build1, automatic), apport-symptoms:amd64 (0.23, automatic), libcolorhug2:amd64 (1.4.4-2, automatic), libcanberra0:amd64 (0.30-7ubuntu1, automatic), libcairo2:amd64 (1.16.0-4ubuntu1, automatic), libtext-iconv-perl:amd64 (1.7-7, automatic), pinentry-gnome3:amd64 (1.1.0-3build1, automatic), python3-lxml:amd64 (4.5.0-1ubuntu0.5, automatic), libavc1394-0:amd64 (0.5.4-5, automatic), libgnomekbd-common:amd64 (3.26.1-1, automatic), libclutter-1.0-common:amd64 (1.26.4+dfsg-1, automatic), libzvbi-common:amd64 (0.2.35-17, automatic), pulseaudio-utils:amd64 (1:13.99.1-1ubuntu3.13, automatic), ibus-data:amd64 (1.5.22-2ubuntu2.1, automatic), libpango-1.0-0:amd64 (1.44.7-2ubuntu4, automatic), desktop-file-utils:amd64 (0.24-1ubuntu3, automatic), libxcb-xinput0:amd64 (1.14-2, automatic), libip4tc2:amd64 (1.8.4-3ubuntu2.1, automatic), libtevent0:amd64 (0.11.0-0ubuntu0.20.04.1, automatic), libgupnp-av-1.0-2:amd64 (0.12.11-2, automatic), libxkbcommon0:amd64 (0.10.0-1, automatic), libjavascriptcoregtk-4.0-18:amd64 (2.38.6-0ubuntu0.20.04.1, automatic), dconf-cli:amd64 (0.36.0-1, automatic), libmbim-glib4:amd64 (1.26.2-1~ubuntu20.04.1, automatic), gir1.2-rsvg-2.0:amd64 (2.48.9-1ubuntu0.20.04.4, automatic), libpcre2-16-0:amd64 (10.34-7ubuntu0.1, automatic), libqt5quick5:amd64 (5.12.8-0ubuntu1, automatic), python3-secretstorage:amd64 (2.3.1-2ubuntu1, automatic), libgstreamer1.0-0:amd64 (1.16.3-0ubuntu1.1, automatic), python3-problem-report:amd64 (2.20.11-0ubuntu27.27, automatic), libnotify4:amd64 (0.7.9-1ubuntu3.20.04.2, automatic), libsamplerate0:amd64 (0.1.9-2, automatic), ubuntu-mono:amd64 (19.04-0ubuntu3, automatic), libedataserver-1.2-24:amd64 (3.36.5-0ubuntu1, automatic), libglib2.0-0:amd64 (2.64.6-1~ubuntu20.04.7, automatic), libdconf1:amd64 (0.36.0-1, automatic), wireless-regdb:amd64 (2022.06.06-0ubuntu1~20.04.1, automatic), libbluray2:amd64 (1:1.2.0-1, automatic), bind9-libs:amd64 (1:9.18.28-0ubuntu0.20.04.1, automatic), libgweather-common:amd64 (3.36.1-1~ubuntu20.04.1, automatic), libnspr4:amd64 (2:4.35-0ubuntu0.20.04.1, automatic), zenity-common:amd64 (3.32.0-5, automatic), libcurl3-gnutls:amd64 (7.68.0-1ubuntu2.23, automatic), gir1.2-nma-1.0:amd64 (1.8.24-1ubuntu3, automatic), libsane:amd64 (1.0.29-0ubuntu5.2, automatic), libwayland-server0:amd64 (1.18.0-1ubuntu0.1, automatic), libxcb-xkb1:amd64 (1.14-2, automatic), gstreamer1.0-gl:amd64 (1.16.3-0ubuntu1.3, automatic), libqt5sql5:amd64 (5.12.8+dfsg-0ubuntu2.1, automatic), wamerican:amd64 (2018.04.16-1, automatic), libmnl0:amd64 (1.0.4-2, automatic), update-inetd:amd64 (4.50, automatic), python3-apt:amd64 (2.0.1ubuntu0.20.04.1, automatic), libgtop-2.0-11:amd64 (2.40.0-2, automatic), libaccountsservice0:amd64 (0.6.55-0ubuntu12~20.04.7, automatic), libsbc1:amd64 (1.4-1, automatic), libinput10:amd64 (1.15.5-1ubuntu0.3, automatic), ippusbxd:amd64 (1.34-2ubuntu1, automatic), colord:amd64 (1.4.4-2, automatic), mutter:amd64 (3.36.9-0ubuntu0.20.04.2, automatic), mesa-va-drivers:amd64 (21.2.6-0ubuntu0.1~20.04.2, automatic), libclutter-gtk-1.0-0:amd64 (1.8.4-4, automatic), libxslt1.1:amd64 (1.1.34-4ubuntu0.20.04.1, automatic), python3-attr:amd64 (19.3.0-2, automatic), libdouble-conversion3:amd64 (3.1.5-4ubuntu1, automatic), aspell-en:amd64 (2018.04.16-0-1, automatic), libdatrie1:amd64 (0.2.12-3, automatic), python3-bs4:amd64 (4.8.2-1, automatic), libwebrtc-audio-processing1:amd64 (0.3.1-0ubuntu3, automatic), gnome-menus:amd64 (3.36.0-1ubuntu1, automatic), libwayland-cursor0:amd64 (1.18.0-1ubuntu0.1, automatic), libslang2:amd64 (2.3.2-4, automatic), libevdev2:amd64 (1.9.0+dfsg-1ubuntu0.2, automatic)
End-Date: 2024-09-03  22:16:56
