update-alternatives 2024-05-30 02:03:48: run with --quiet --install /usr/bin/awk awk /usr/bin/mawk 5 --slave /usr/share/man/man1/awk.1.gz awk.1.gz /usr/share/man/man1/mawk.1.gz --slave /usr/bin/nawk nawk /usr/bin/mawk --slave /usr/share/man/man1/nawk.1.gz nawk.1.gz /usr/share/man/man1/mawk.1.gz
update-alternatives 2024-05-30 02:03:48: link group awk updated to point to /usr/bin/mawk
update-alternatives 2024-05-30 02:03:52: run with --quiet --install /usr/bin/awk awk /usr/bin/mawk 5 --slave /usr/share/man/man1/awk.1.gz awk.1.gz /usr/share/man/man1/mawk.1.gz --slave /usr/bin/nawk nawk /usr/bin/mawk --slave /usr/share/man/man1/nawk.1.gz nawk.1.gz /usr/share/man/man1/mawk.1.gz
update-alternatives 2024-05-30 02:03:52: run with --install /usr/share/man/man7/builtins.7.gz builtins.7.gz /usr/share/man/man7/bash-builtins.7.gz 10
update-alternatives 2024-05-30 02:03:52: link group builtins.7.gz updated to point to /usr/share/man/man7/bash-builtins.7.gz
update-alternatives 2024-05-30 02:03:52: run with --install /usr/sbin/rmt rmt /usr/sbin/rmt-tar 50 --slave /usr/share/man/man8/rmt.8.gz rmt.8.gz /usr/share/man/man8/rmt-tar.8.gz
update-alternatives 2024-05-30 02:03:52: link group rmt updated to point to /usr/sbin/rmt-tar
update-alternatives 2024-05-30 02:03:52: run with --install /usr/bin/w w /usr/bin/w.procps 50 --slave /usr/share/man/man1/w.1.gz w.1.gz /usr/share/man/man1/w.procps.1.gz
update-alternatives 2024-05-30 02:03:52: link group w updated to point to /usr/bin/w.procps
update-alternatives 2024-05-30 02:03:53: run with --install /usr/bin/pager pager /bin/more 50 --slave /usr/share/man/man1/pager.1.gz pager.1.gz /usr/share/man/man1/more.1.gz
update-alternatives 2024-05-30 02:03:53: link group pager updated to point to /bin/more
update-alternatives 2024-05-30 02:03:53: run with --remove pager /usr/bin/pg
update-alternatives 2024-05-30 02:04:06: run with --remove builtins.7.gz /usr/share/man/man7/bash-builtins.7.gz
update-alternatives 2024-05-30 02:04:06: link group builtins.7.gz fully removed
update-alternatives 2024-05-30 02:06:23: run with --quiet --install /usr/bin/awk awk /usr/bin/mawk 5 --slave /usr/share/man/man1/awk.1.gz awk.1.gz /usr/share/man/man1/mawk.1.gz --slave /usr/bin/nawk nawk /usr/bin/mawk --slave /usr/share/man/man1/nawk.1.gz nawk.1.gz /usr/share/man/man1/mawk.1.gz
update-alternatives 2024-05-30 02:06:23: auto-repair link group awk
update-alternatives 2024-05-30 02:06:34: run with --install /usr/bin/w w /usr/bin/w.procps 50 --slave /usr/share/man/man1/w.1.gz w.1.gz /usr/share/man/man1/w.procps.1.gz
update-alternatives 2024-05-30 02:06:34: auto-repair link group w
update-alternatives 2024-05-30 02:06:41: run with --install /usr/sbin/rmt rmt /usr/sbin/rmt-tar 50 --slave /usr/share/man/man8/rmt.8.gz rmt.8.gz /usr/share/man/man8/rmt-tar.8.gz
update-alternatives 2024-05-30 02:06:41: auto-repair link group rmt
update-alternatives 2024-05-30 02:06:46: run with --install /usr/bin/pager pager /bin/more 50 --slave /usr/share/man/man1/pager.1.gz pager.1.gz /usr/share/man/man1/more.1.gz
update-alternatives 2024-05-30 02:06:46: auto-repair link group pager
update-alternatives 2024-05-30 02:06:46: run with --remove pager /usr/bin/pg
update-alternatives 2024-05-30 02:06:57: run with --install /usr/sbin/rmt rmt /usr/sbin/rmt-tar 50 --slave /usr/share/man/man8/rmt.8.gz rmt.8.gz /usr/share/man/man8/rmt-tar.8.gz
update-alternatives 2024-05-30 02:06:58: run with --install /usr/bin/pager pager /bin/more 50 --slave /usr/share/man/man1/pager.1.gz pager.1.gz /usr/share/man/man1/more.1.gz
update-alternatives 2024-05-30 02:06:58: run with --remove pager /usr/bin/pg
update-alternatives 2024-05-30 02:07:02: run with --install /usr/bin/w w /usr/bin/w.procps 50 --slave /usr/share/man/man1/w.1.gz w.1.gz /usr/share/man/man1/w.procps.1.gz
update-alternatives 2024-09-03 22:12:19: run with --install /usr/lib/x86_64-linux-gnu/libblas.so.3 libblas.so.3-x86_64-linux-gnu /usr/lib/x86_64-linux-gnu/blas/libblas.so.3 10
update-alternatives 2024-09-03 22:12:19: link group libblas.so.3-x86_64-linux-gnu updated to point to /usr/lib/x86_64-linux-gnu/blas/libblas.so.3
update-alternatives 2024-09-03 22:12:19: run with --install /usr/bin/lzma lzma /usr/bin/xz 20 --slave /usr/share/man/man1/lzma.1.gz lzma.1.gz /usr/share/man/man1/xz.1.gz --slave /usr/bin/unlzma unlzma /usr/bin/unxz --slave /usr/share/man/man1/unlzma.1.gz unlzma.1.gz /usr/share/man/man1/unxz.1.gz --slave /usr/bin/lzcat lzcat /usr/bin/xzcat --slave /usr/share/man/man1/lzcat.1.gz lzcat.1.gz /usr/share/man/man1/xzcat.1.gz --slave /usr/bin/lzmore lzmore /usr/bin/xzmore --slave /usr/share/man/man1/lzmore.1.gz lzmore.1.gz /usr/share/man/man1/xzmore.1.gz --slave /usr/bin/lzless lzless /usr/bin/xzless --slave /usr/share/man/man1/lzless.1.gz lzless.1.gz /usr/share/man/man1/xzless.1.gz --slave /usr/bin/lzdiff lzdiff /usr/bin/xzdiff --slave /usr/share/man/man1/lzdiff.1.gz lzdiff.1.gz /usr/share/man/man1/xzdiff.1.gz --slave /usr/bin/lzcmp lzcmp /usr/bin/xzcmp --slave /usr/share/man/man1/lzcmp.1.gz lzcmp.1.gz /usr/share/man/man1/xzcmp.1.gz --slave /usr/bin/lzgrep lzgrep /usr/bin/xzgrep --slave /usr/share/man/man1/lzgrep.1.gz lzgrep.1.gz /usr/share/man/man1/xzgrep.1.gz --slave /usr/bin/lzegrep lzegrep /usr/bin/xzegrep --slave /usr/share/man/man1/lzegrep.1.gz lzegrep.1.gz /usr/share/man/man1/xzegrep.1.gz --slave /usr/bin/lzfgrep lzfgrep /usr/bin/xzfgrep --slave /usr/share/man/man1/lzfgrep.1.gz lzfgrep.1.gz /usr/share/man/man1/xzfgrep.1.gz
update-alternatives 2024-09-03 22:12:19: link group lzma updated to point to /usr/bin/xz
update-alternatives 2024-09-03 22:12:21: run with --install /usr/lib/x86_64-linux-gnu/liblapack.so.3 liblapack.so.3-x86_64-linux-gnu /usr/lib/x86_64-linux-gnu/lapack/liblapack.so.3 10
update-alternatives 2024-09-03 22:12:21: link group liblapack.so.3-x86_64-linux-gnu updated to point to /usr/lib/x86_64-linux-gnu/lapack/liblapack.so.3
update-alternatives 2024-09-03 22:12:29: run with --install /usr/bin/x-window-manager x-window-manager /usr/bin/startfluxbox 50 --slave /usr/share/man/man1/x-window-manager.1.gz x-window-manager.1.gz /usr/share/man/man1/fluxbox.1.gz
update-alternatives 2024-09-03 22:12:29: link group x-window-manager updated to point to /usr/bin/startfluxbox
update-alternatives 2024-09-03 22:12:29: run with --install /usr/bin/pybabel pybabel /usr/bin/pybabel-python3 200
update-alternatives 2024-09-03 22:12:29: link group pybabel updated to point to /usr/bin/pybabel-python3
update-alternatives 2024-09-03 22:12:30: run with --install /usr/bin/pbr pbr /usr/bin/python3-pbr 200
update-alternatives 2024-09-03 22:12:30: link group pbr updated to point to /usr/bin/python3-pbr
update-alternatives 2024-09-03 22:12:33: run with --install /usr/bin/x-terminal-emulator x-terminal-emulator /usr/bin/xterm 20 --slave /usr/share/man/man1/x-terminal-emulator.1.gz x-terminal-emulator.1.gz /usr/share/man/man1/xterm.1.gz
update-alternatives 2024-09-03 22:12:33: link group x-terminal-emulator updated to point to /usr/bin/xterm
update-alternatives 2024-09-03 22:12:33: run with --install /usr/bin/x-terminal-emulator x-terminal-emulator /usr/bin/uxterm 20 --slave /usr/share/man/man1/x-terminal-emulator.1.gz x-terminal-emulator.1.gz /usr/share/man/man1/uxterm.1.gz
update-alternatives 2024-09-03 22:12:33: run with --install /usr/bin/x-terminal-emulator x-terminal-emulator /usr/bin/koi8rxterm 20 --slave /usr/share/man/man1/x-terminal-emulator.1.gz x-terminal-emulator.1.gz /usr/share/man/man1/koi8rxterm.1.gz
update-alternatives 2024-09-03 22:12:33: run with --install /usr/bin/x-terminal-emulator x-terminal-emulator /usr/bin/lxterm 30 --slave /usr/share/man/man1/x-terminal-emulator.1.gz x-terminal-emulator.1.gz /usr/share/man/man1/lxterm.1.gz
update-alternatives 2024-09-03 22:12:33: link group x-terminal-emulator updated to point to /usr/bin/lxterm
update-alternatives 2024-09-03 22:12:34: run with --install /usr/bin/rst-buildhtml rst-buildhtml /usr/share/docutils/scripts/python3/rst-buildhtml 30
update-alternatives 2024-09-03 22:12:34: link group rst-buildhtml updated to point to /usr/share/docutils/scripts/python3/rst-buildhtml
update-alternatives 2024-09-03 22:12:34: run with --install /usr/bin/rst2html rst2html /usr/share/docutils/scripts/python3/rst2html 30
update-alternatives 2024-09-03 22:12:34: link group rst2html updated to point to /usr/share/docutils/scripts/python3/rst2html
update-alternatives 2024-09-03 22:12:34: run with --install /usr/bin/rst2html4 rst2html4 /usr/share/docutils/scripts/python3/rst2html4 30
update-alternatives 2024-09-03 22:12:34: link group rst2html4 updated to point to /usr/share/docutils/scripts/python3/rst2html4
update-alternatives 2024-09-03 22:12:34: run with --install /usr/bin/rst2html5 rst2html5 /usr/share/docutils/scripts/python3/rst2html5 30
update-alternatives 2024-09-03 22:12:34: link group rst2html5 updated to point to /usr/share/docutils/scripts/python3/rst2html5
update-alternatives 2024-09-03 22:12:34: run with --install /usr/bin/rst2latex rst2latex /usr/share/docutils/scripts/python3/rst2latex 30
update-alternatives 2024-09-03 22:12:34: link group rst2latex updated to point to /usr/share/docutils/scripts/python3/rst2latex
update-alternatives 2024-09-03 22:12:34: run with --install /usr/bin/rst2man rst2man /usr/share/docutils/scripts/python3/rst2man 30
update-alternatives 2024-09-03 22:12:34: link group rst2man updated to point to /usr/share/docutils/scripts/python3/rst2man
update-alternatives 2024-09-03 22:12:34: run with --install /usr/bin/rst2odt rst2odt /usr/share/docutils/scripts/python3/rst2odt 30
update-alternatives 2024-09-03 22:12:34: link group rst2odt updated to point to /usr/share/docutils/scripts/python3/rst2odt
update-alternatives 2024-09-03 22:12:34: run with --install /usr/bin/rst2odt_prepstyles rst2odt_prepstyles /usr/share/docutils/scripts/python3/rst2odt_prepstyles 30
update-alternatives 2024-09-03 22:12:34: link group rst2odt_prepstyles updated to point to /usr/share/docutils/scripts/python3/rst2odt_prepstyles
update-alternatives 2024-09-03 22:12:34: run with --install /usr/bin/rst2pseudoxml rst2pseudoxml /usr/share/docutils/scripts/python3/rst2pseudoxml 30
update-alternatives 2024-09-03 22:12:34: link group rst2pseudoxml updated to point to /usr/share/docutils/scripts/python3/rst2pseudoxml
update-alternatives 2024-09-03 22:12:34: run with --install /usr/bin/rst2s5 rst2s5 /usr/share/docutils/scripts/python3/rst2s5 30
update-alternatives 2024-09-03 22:12:34: link group rst2s5 updated to point to /usr/share/docutils/scripts/python3/rst2s5
update-alternatives 2024-09-03 22:12:34: run with --install /usr/bin/rst2xetex rst2xetex /usr/share/docutils/scripts/python3/rst2xetex 30
update-alternatives 2024-09-03 22:12:34: link group rst2xetex updated to point to /usr/share/docutils/scripts/python3/rst2xetex
update-alternatives 2024-09-03 22:12:34: run with --install /usr/bin/rst2xml rst2xml /usr/share/docutils/scripts/python3/rst2xml 30
update-alternatives 2024-09-03 22:12:34: link group rst2xml updated to point to /usr/share/docutils/scripts/python3/rst2xml
update-alternatives 2024-09-03 22:12:34: run with --install /usr/bin/rstpep2html rstpep2html /usr/share/docutils/scripts/python3/rstpep2html 30
update-alternatives 2024-09-03 22:12:34: link group rstpep2html updated to point to /usr/share/docutils/scripts/python3/rstpep2html
update-alternatives 2024-09-03 22:15:53: run with --install /etc/mysql/my.cnf my.cnf /etc/mysql/my.cnf.fallback 100
update-alternatives 2024-09-03 22:15:53: link group my.cnf updated to point to /etc/mysql/my.cnf.fallback
update-alternatives 2024-09-03 22:15:58: run with --install /usr/share/gnome-shell/gdm3-theme.gresource gdm3-theme.gresource /usr/share/gnome-shell/theme/Yaru/gnome-shell-theme.gresource 15
update-alternatives 2024-09-03 22:15:58: link group gdm3-theme.gresource updated to point to /usr/share/gnome-shell/theme/Yaru/gnome-shell-theme.gresource
update-alternatives 2024-09-03 22:16:03: run with --install /usr/bin/write write /usr/bin/bsd-write 100 --slave /usr/share/man/man1/write.1.gz write.1.gz /usr/share/man/man1/bsd-write.1.gz
update-alternatives 2024-09-03 22:16:03: link group write updated to point to /usr/bin/bsd-write
update-alternatives 2024-09-03 22:16:03: run with --install /usr/bin/from from /usr/bin/bsd-from 10 --slave /usr/share/man/man1/from.1.gz from.1.gz /usr/share/man/man1/bsd-from.1.gz
update-alternatives 2024-09-03 22:16:03: link group from updated to point to /usr/bin/bsd-from
update-alternatives 2024-09-03 22:16:15: run with --install /etc/newt/palette newt-palette /etc/newt/palette.ubuntu 50
update-alternatives 2024-09-03 22:16:15: link group newt-palette updated to point to /etc/newt/palette.ubuntu
update-alternatives 2024-09-03 22:16:15: run with --install /etc/newt/palette newt-palette /etc/newt/palette.original 20
update-alternatives 2024-09-03 22:16:32: run with --install /usr/sbin/iptables iptables /usr/sbin/iptables-legacy 20 --slave /usr/sbin/iptables-restore iptables-restore /usr/sbin/iptables-legacy-restore --slave /usr/sbin/iptables-save iptables-save /usr/sbin/iptables-legacy-save
update-alternatives 2024-09-03 22:16:32: link group iptables updated to point to /usr/sbin/iptables-legacy
update-alternatives 2024-09-03 22:16:32: run with --install /usr/sbin/ip6tables ip6tables /usr/sbin/ip6tables-legacy 20 --slave /usr/sbin/ip6tables-restore ip6tables-restore /usr/sbin/ip6tables-legacy-restore --slave /usr/sbin/ip6tables-save ip6tables-save /usr/sbin/ip6tables-legacy-save
update-alternatives 2024-09-03 22:16:32: link group ip6tables updated to point to /usr/sbin/ip6tables-legacy
update-alternatives 2024-09-03 22:16:32: run with --install /usr/sbin/iptables iptables /usr/sbin/iptables-nft 10 --slave /usr/sbin/iptables-restore iptables-restore /usr/sbin/iptables-nft-restore --slave /usr/sbin/iptables-save iptables-save /usr/sbin/iptables-nft-save
update-alternatives 2024-09-03 22:16:32: run with --install /usr/sbin/ip6tables ip6tables /usr/sbin/ip6tables-nft 10 --slave /usr/sbin/ip6tables-restore ip6tables-restore /usr/sbin/ip6tables-nft-restore --slave /usr/sbin/ip6tables-save ip6tables-save /usr/sbin/ip6tables-nft-save
update-alternatives 2024-09-03 22:16:32: run with --install /usr/sbin/arptables arptables /usr/sbin/arptables-nft 10 --slave /usr/sbin/arptables-restore arptables-restore /usr/sbin/arptables-nft-restore --slave /usr/sbin/arptables-save arptables-save /usr/sbin/arptables-nft-save
update-alternatives 2024-09-03 22:16:32: link group arptables updated to point to /usr/sbin/arptables-nft
update-alternatives 2024-09-03 22:16:32: run with --install /usr/sbin/ebtables ebtables /usr/sbin/ebtables-nft 10 --slave /usr/sbin/ebtables-restore ebtables-restore /usr/sbin/ebtables-nft-restore --slave /usr/sbin/ebtables-save ebtables-save /usr/sbin/ebtables-nft-save
update-alternatives 2024-09-03 22:16:32: link group ebtables updated to point to /usr/sbin/ebtables-nft
update-alternatives 2024-09-03 22:16:32: run with --install /usr/share/gnome-shell/gdm3-theme.gresource gdm3-theme.gresource /usr/share/gnome-shell/gnome-shell-theme.gresource 10
update-alternatives 2024-09-03 22:16:37: run with --quiet --install /lib/cpp cpp /usr/bin/cpp 10
update-alternatives 2024-09-03 22:16:37: link group cpp updated to point to /usr/bin/cpp
update-alternatives 2024-09-03 22:16:45: run with --install /usr/bin/x-www-browser x-www-browser /usr/bin/qutebrowser 40
update-alternatives 2024-09-03 22:16:45: link group x-www-browser updated to point to /usr/bin/qutebrowser
update-alternatives 2024-09-03 22:16:46: run with --install /usr/share/icons/default/index.theme x-cursor-theme /usr/share/icons/Adwaita/cursor.theme 90
update-alternatives 2024-09-03 22:16:46: link group x-cursor-theme updated to point to /usr/share/icons/Adwaita/cursor.theme
update-alternatives 2024-09-03 22:16:48: run with --install /usr/bin/x-session-manager x-session-manager /usr/bin/gnome-session 50 --slave /usr/share/man/man1/x-session-manager.1.gz x-session-manager.1.gz /usr/share/man/man1/gnome-session.1.gz
update-alternatives 2024-09-03 22:16:48: link group x-session-manager updated to point to /usr/bin/gnome-session
update-alternatives 2024-09-03 22:16:48: run with --quiet --install /usr/bin/pinentry pinentry /usr/bin/pinentry-gnome3 90 --slave /usr/share/man/man1/pinentry.1.gz pinentry.1.gz /usr/share/man/man1/pinentry-gnome3.1.gz
update-alternatives 2024-09-03 22:16:48: link group pinentry updated to point to /usr/bin/pinentry-gnome3
update-alternatives 2024-09-03 22:16:48: run with --quiet --install /usr/bin/pinentry-x11 pinentry-x11 /usr/bin/pinentry-gnome3 90 --slave /usr/share/man/man1/pinentry-x11.1.gz pinentry-x11.1.gz /usr/share/man/man1/pinentry-gnome3.1.gz
update-alternatives 2024-09-03 22:16:48: link group pinentry-x11 updated to point to /usr/bin/pinentry-gnome3
update-alternatives 2024-09-03 22:16:53: run with --install /usr/bin/x-window-manager x-window-manager /usr/bin/mutter 60 --slave /usr/share/man/man1/x-window-manager.1.gz x-window-manager.1.gz /usr/share/man/man1/mutter.1.gz
update-alternatives 2024-09-03 22:16:53: link group x-window-manager updated to point to /usr/bin/mutter
