03/09/2024 21:58:33 x11vnc version: 0.9.16 PORT=5900
Warning: could not find self.pem
Using installed websockify at /usr/bin/websockify
Starting webserver and WebSockets proxy on port 6080
WebSocket server settings:
  - Listen on :6080
  - Web server. Web root: /opt/novnc
  - No SSL/TLS support (no cert file)
  - proxying from :6080 to localhost:5901


Navigate to this URL:

    http://721d094b0ede:6080/vnc.html?host=721d094b0ede&port=6080

Press Ctrl-C to exit


172.22.96.1 - - [03/Sep/2024 22:00:46] code 404, message File not found
172.22.96.1 - - [03/Sep/2024 22:00:46] code 404, message File not found
172.22.96.1 - - [03/Sep/2024 22:00:46] code 404, message File not found
172.22.96.1 - - [03/Sep/2024 22:00:46] code 404, message File not found
172.22.96.1 - - [03/Sep/2024 22:00:47] code 404, message File not found
172.22.96.1 - - [03/Sep/2024 22:00:47] code 404, message File not found
172.22.96.1 - - [03/Sep/2024 22:00:47] code 404, message File not found
172.22.96.1 - - [03/Sep/2024 22:02:51] code 404, message File not found
172.22.96.1 - - [03/Sep/2024 22:02:51] code 404, message File not found
172.22.96.1 - - [03/Sep/2024 22:02:51] code 404, message File not found
172.22.96.1 - - [03/Sep/2024 22:02:51] code 404, message File not found
172.22.96.1 - - [03/Sep/2024 22:02:51] code 404, message File not found
172.22.96.1 - - [03/Sep/2024 22:02:51] code 404, message File not found
172.22.96.1 - - [03/Sep/2024 22:02:56] code 404, message File not found
172.22.96.1 - - [03/Sep/2024 22:02:58] code 404, message File not found
172.22.96.1 - - [03/Sep/2024 22:02:58] code 404, message File not found
172.22.96.1 - - [03/Sep/2024 22:02:58] code 404, message File not found
172.22.96.1 - - [03/Sep/2024 22:02:58] code 404, message File not found
172.22.96.1 - - [03/Sep/2024 22:02:58] code 404, message File not found
58:33 
03/09/2024 21:58:33 Scroll Detection: -scrollcopyrect mode is in effect to
03/09/2024 21:58:33   use RECORD extension to try to detect scrolling windows
03/09/2024 21:58:33   (induced by either user keystroke or mouse input).
03/09/2024 21:58:33   If this yields undesired behavior (poor response, painting
03/09/2024 21:58:33   errors, etc) it may be disabled via: '-noscr'
03/09/2024 21:58:33   Also see the -help entry for tuning parameters.
03/09/2024 21:58:33   You can press 3 Alt_L's (Left "Alt" key) in a row to 
03/09/2024 21:58:33   repaint the screen, also see the -fixscreen option for
03/09/2024 21:58:33   periodic repaints.
03/09/2024 21:58:33 
03/09/2024 21:58:33 XKEYBOARD: number of keysyms per keycode 7 is greater
03/09/2024 21:58:33   than 4 and 51 keysyms are mapped above 4.
03/09/2024 21:58:33   Automatically switching to -xkb mode.
03/09/2024 21:58:33   If this makes the key mapping worse you can
03/09/2024 21:58:33   disable it with the "-noxkb" option.
03/09/2024 21:58:33   Also, remember "-remap DEAD" for accenting characters.
03/09/2024 21:58:33 
03/09/2024 21:58:33 X FBPM extension not supported.
Xlib:  extension "DPMS" missing on display ":1".
03/09/2024 21:58:33 X display is not capable of DPMS.
03/09/2024 21:58:33 --------------------------------------------------------
03/09/2024 21:58:33 
03/09/2024 21:58:33 Default visual ID: 0x21
03/09/2024 21:58:33 Read initial data from X display into framebuffer.
03/09/2024 21:58:33 initialize_screen: fb_depth/fb_bpp/fb_Bpl 16/16/2048
03/09/2024 21:58:33 
03/09/2024 21:58:33 X display :1 is 16bpp depth=16 true color
03/09/2024 21:58:33 
03/09/2024 21:58:33 Autoprobing TCP port 
03/09/2024 21:58:33 Autoprobing selected TCP port 5900
03/09/2024 21:58:33 Autoprobing TCP6 port 
03/09/2024 21:58:33 Autoprobing selected TCP6 port 5900
03/09/2024 21:58:33 listen6: bind: Address already in use
03/09/2024 21:58:33 Not listening on IPv6 interface.
03/09/2024 21:58:33 
03/09/2024 21:58:33 Xinerama is present and active (e.g. multi-head).
03/09/2024 21:58:33 Xinerama: number of sub-screens: 1
03/09/2024 21:58:33 Xinerama: no blackouts needed (only one sub-screen)
03/09/2024 21:58:33 
03/09/2024 21:58:33 fb read rate: 1057 MB/sec
03/09/2024 21:58:33 fast read: reset -wait  ms to: 10
03/09/2024 21:58:33 fast read: reset -defer ms to: 10
03/09/2024 21:58:33 The X server says there are 10 mouse buttons.
03/09/2024 21:58:33 screen setup finished.
03/09/2024 21:58:33 

The VNC desktop is:      721d094b0ede:0

******************************************************************************
Have you tried the x11vnc '-ncache' VNC client-side pixel caching feature yet?

The scheme stores pixel data offscreen on the VNC viewer side for faster
retrieval.  It should work with any VNC viewer.  Try it by running:

    x11vnc -ncache 10 ...

One can also add -ncache_cr for smooth 'copyrect' window motion.
More info: http://www.karlrunge.com/x11vnc/faq.html#faq-client-caching

2024-09-03 21:58:38 [INFO] Starting noVNC client...
2024-09-03 21:58:43 [INFO] noVNC client started successfully.
2024-09-03 21:58:43 [INFO] VNC server and noVNC client running. Monitoring processes...
